2018-12-29 11:27:18,340 : INFO : running /N/u/pengb/hpda/radlib/src/indycar/rplogex.py --extract --input /scratch_hdd/hpda/radlib/run2018/IPBroadcaster_Input_2018-05-27_0.log --output indy2018
2018-12-29 11:27:18,340 : INFO : open log file successfully : /scratch_hdd/hpda/radlib/run2018/IPBroadcaster_Input_2018-05-27_0.log
2018-12-29 11:27:19,581 : INFO : $F	N	54	S10	U	0	0	0	0	0	0	0		0	0
2018-12-29 11:27:19,588 : INFO : $F	R	54	S10	U	0	0	0	0	0	0	0		0	0
2018-12-29 11:27:19,597 : INFO : $F	R	54	S10	U	0	0	0	0	0	0	0		0	0
2018-12-29 11:27:19,605 : INFO : $F	R	54	S10	U	0	0	0	0	0	0	0		0	0
2018-12-29 11:27:19,614 : INFO : $F	R	54	S10	U	0	0	0	0	0	0	0		0	0
2018-12-29 11:27:19,622 : INFO : $F	R	54	S10	U	0	0	0	0	0	0	0		0	0
2018-12-29 11:27:19,631 : INFO : $F	R	54	S10	U	0	0	0	0	0	0	0		0	0
2018-12-29 11:27:19,631 : INFO : $F	N	55	S10	G	0	967	0	0	0	0	0		0	0
2018-12-29 11:27:19,640 : INFO : $F	U	55	S10	G	0	2F0CD	0	0	0	0	0		0	0
2018-12-29 11:27:19,648 : INFO : $F	U	55	S10	G	0	5F2A4	0	0	0	0	0		0	0
2018-12-29 11:27:19,656 : INFO : $F	U	55	S10	G	0	90084	0	0	0	0	0		0	0
2018-12-29 11:27:19,664 : INFO : $F	U	55	S10	G	0	C0E5A	0	0	0	0	0		0	0
2018-12-29 11:27:19,671 : INFO : $F	U	55	S10	G	0	F1BCD	0	0	0	0	0		0	0
2018-12-29 11:27:19,679 : INFO : $F	U	55	S10	G	0	1229A3	0	0	0	0	0		0	0
2018-12-29 11:27:19,687 : INFO : $F	U	55	S10	G	0	153783	0	0	0	0	0		0	0
2018-12-29 11:27:19,695 : INFO : $F	U	55	S10	G	0	184563	0	0	0	0	0		0	0
2018-12-29 11:27:19,701 : INFO : $F	U	55	S10	G	0	1B5363	0	0	0	0	0		0	0
2018-12-29 11:27:19,709 : INFO : $F	U	55	S10	G	0	1E6143	0	0	0	0	0		0	0
2018-12-29 11:27:19,717 : INFO : $F	U	55	S10	G	0	216F23	0	0	0	0	0		0	0
2018-12-29 11:27:19,725 : INFO : $F	U	55	S10	G	0	247CB2	0	0	0	0	0		0	0
2018-12-29 11:27:19,734 : INFO : $F	U	55	S10	G	0	278A92	0	0	0	0	0		0	0
2018-12-29 11:27:19,742 : INFO : $F	U	55	S10	G	0	2A9868	0	0	0	0	0		0	0
2018-12-29 11:27:19,751 : INFO : $F	U	55	S10	G	0	2DA651	0	0	0	0	0		0	0
2018-12-29 11:27:19,759 : INFO : $F	U	55	S10	G	0	30B431	0	0	0	0	0		0	0
2018-12-29 11:27:19,768 : INFO : $F	U	55	S10	G	0	33C207	0	0	0	0	0		0	0
2018-12-29 11:27:19,777 : INFO : $F	U	55	S10	G	0	36CF76	0	0	0	0	0		0	0
2018-12-29 11:27:19,786 : INFO : $F	U	55	S10	G	0	39DD56	0	0	0	0	0		0	0
2018-12-29 11:27:19,794 : INFO : $F	U	55	S10	G	0	3CEB2C	0	0	0	0	0		0	0
2018-12-29 11:27:19,803 : INFO : $F	U	55	S10	G	0	3FF90C	0	0	0	0	0		0	0
2018-12-29 11:27:19,810 : INFO : $F	U	55	S10	G	0	430727	0	0	0	0	0		0	0
2018-12-29 11:27:19,818 : INFO : $F	U	55	S10	G	0	461507	0	0	0	0	0		0	0
2018-12-29 11:27:19,824 : INFO : $F	U	55	S10	G	0	491617	0	0	0	0	0		0	0
2018-12-29 11:27:19,831 : INFO : $F	U	55	S10	G	0	4C23F9	0	0	0	0	0		0	0
2018-12-29 11:27:19,839 : INFO : $F	U	55	S10	G	0	4F31D9	0	0	0	0	0		0	0
2018-12-29 11:27:19,846 : INFO : $F	U	55	S10	G	0	523FAF	0	0	0	0	0		0	0
2018-12-29 11:27:19,852 : INFO : $F	U	55	S10	G	0	554DC0	0	0	0	0	0		0	0
2018-12-29 11:27:19,858 : INFO : $F	U	55	S10	G	0	585BA0	0	0	0	0	0		0	0
2018-12-29 11:27:19,865 : INFO : $F	U	55	S10	G	0	5B6976	0	0	0	0	0		0	0
2018-12-29 11:27:19,871 : INFO : $F	U	55	S10	G	0	5E7756	0	0	0	0	0		0	0
2018-12-29 11:27:19,879 : INFO : $F	U	55	S10	G	0	6184C9	0	0	0	0	0		0	0
2018-12-29 11:27:19,886 : INFO : $F	U	55	S10	G	0	64929F	0	0	0	0	0		0	0
2018-12-29 11:27:25,175 : INFO : $F	N	56	R.I	U	0	0	0	0	0	0	0		0	0.0000
2018-12-29 11:27:25,176 : INFO : $F	R	56	R.I	U	0	0	0	0	0	0	0		0	0.0000
2018-12-29 11:27:25,183 : INFO : $F	R	56	R.I	U	0	0	0	0	0	0	0		0	0.0000
2018-12-29 11:27:25,190 : INFO : $F	R	56	R.I	U	0	0	0	0	0	0	0		0	0.0000
2018-12-29 11:27:25,197 : INFO : $F	R	56	R.I	U	0	0	0	0	0	0	0		0	0.0000
2018-12-29 11:27:25,204 : INFO : $F	R	56	R.I	U	0	0	0	0	0	0	0		0	0.0000
2018-12-29 11:27:25,211 : INFO : $F	R	56	R.I	U	0	0	0	0	0	0	0		0	0.0000
2018-12-29 11:27:25,219 : INFO : $F	R	56	R.I	U	0	0	0	0	0	0	0		0	0.0000
2018-12-29 11:27:25,227 : INFO : $F	R	56	R.I	U	0	0	0	0	0	0	0		0	0.0000
2018-12-29 11:27:25,236 : INFO : $F	R	56	R.I	U	0	0	0	0	0	0	0		0	0.0000
2018-12-29 11:27:25,246 : INFO : $F	R	56	R.I	U	0	0	0	0	0	0	0		0	0.0000
2018-12-29 11:27:25,259 : INFO : $F	R	56	R.I	U	0	0	0	0	0	0	0		0	0.0000
2018-12-29 11:27:25,272 : INFO : $F	R	56	R.I	U	0	0	0	0	0	0	0		0	0.0000
2018-12-29 11:27:25,287 : INFO : $F	R	56	R.I	U	0	0	0	0	0	0	0		0	0.0000
2018-12-29 11:27:25,302 : INFO : $F	R	56	R.I	U	0	0	0	0	0	0	0		0	0.0000
2018-12-29 11:27:25,317 : INFO : $F	R	56	R.I	U	0	0	0	0	0	0	0		0	0.0000
2018-12-29 11:27:25,333 : INFO : $F	R	56	R.I	U	0	0	0	0	0	0	0		0	0.0000
2018-12-29 11:27:25,348 : INFO : $F	R	56	R.I	U	0	0	0	0	0	0	0		0	0.0000
2018-12-29 11:27:25,365 : INFO : $F	R	56	R.I	U	0	0	0	0	0	0	0		0	0.0000
2018-12-29 11:27:25,382 : INFO : $F	R	56	R.I	U	0	0	0	0	0	0	0		0	0.0000
2018-12-29 11:27:25,399 : INFO : $F	R	56	R.I	U	0	0	0	0	0	0	0		0	0.0000
2018-12-29 11:27:25,417 : INFO : $F	R	56	R.I	U	0	0	0	0	0	0	0		0	0.0000
2018-12-29 11:27:25,436 : INFO : $F	R	56	R.I	U	0	0	0	0	0	0	0		0	0.0000
2018-12-29 11:27:25,455 : INFO : $F	R	56	R.I	U	0	0	0	0	0	0	0		0	0.0000
2018-12-29 11:27:25,476 : INFO : $F	R	56	R.I	U	0	0	0	0	0	0	0		0	0.0000
2018-12-29 11:27:25,497 : INFO : $F	R	56	R.I	U	0	0	0	0	0	0	0		0	0.0000
2018-12-29 11:27:25,520 : INFO : $F	R	56	R.I	U	0	0	0	0	0	0	0		0	0.0000
2018-12-29 11:27:25,543 : INFO : $F	R	56	R.I	U	0	0	0	0	0	0	0		0	0.0000
2018-12-29 11:27:25,567 : INFO : $F	R	56	R.I	U	0	0	0	0	0	0	0		0	0.0000
2018-12-29 11:27:25,591 : INFO : $F	R	56	R.I	U	0	0	0	0	0	0	0		0	0.0000
2018-12-29 11:27:25,615 : INFO : $F	R	56	R.I	U	0	0	0	0	0	0	0		0	0.0000
2018-12-29 11:27:25,639 : INFO : $F	R	56	R.I	U	0	0	0	0	0	0	0		0	0.0000
2018-12-29 11:27:25,663 : INFO : $F	R	56	R.I	U	0	0	0	0	0	0	0		0	0.0000
2018-12-29 11:27:25,688 : INFO : $F	R	56	R.I	U	0	0	0	0	0	0	0		0	0.0000
2018-12-29 11:27:25,713 : INFO : $F	R	56	R.I	U	0	0	0	0	0	0	0		0	0.0000
2018-12-29 11:27:25,738 : INFO : $F	R	56	R.I	U	0	0	0	0	0	0	0		0	0.0000
2018-12-29 11:27:25,763 : INFO : $F	R	56	R.I	U	0	0	0	0	0	0	0		0	0.0000
2018-12-29 11:27:25,787 : INFO : $F	R	56	R.I	U	0	0	0	0	0	0	0		0	0.0000
2018-12-29 11:27:25,811 : INFO : $F	R	56	R.I	U	0	0	0	0	0	0	0		0	0.0000
2018-12-29 11:27:25,835 : INFO : $F	R	56	R.I	U	0	0	0	0	0	0	0		0	0.0000
2018-12-29 11:27:25,858 : INFO : $F	R	56	R.I	U	0	0	0	0	0	0	0		0	0.0000
2018-12-29 11:27:25,882 : INFO : $F	R	56	R.I	U	0	0	0	0	0	0	0		0	0.0000
2018-12-29 11:27:25,908 : INFO : $F	R	56	R.I	U	0	0	0	0	0	0	0		0	0.0000
2018-12-29 11:27:25,933 : INFO : $F	R	56	R.I	U	0	0	0	0	0	0	0		0	0.0000
2018-12-29 11:27:25,958 : INFO : $F	R	56	R.I	U	0	0	0	0	0	0	0		0	0.0000
2018-12-29 11:27:25,983 : INFO : $F	R	56	R.I	U	0	0	0	0	0	0	0		0	0.0000
2018-12-29 11:27:26,007 : INFO : $F	R	56	R.I	U	0	0	0	0	0	0	0		0	0.0000
2018-12-29 11:27:26,030 : INFO : $F	R	56	R.I	U	0	0	0	0	0	0	0		0	0.0000
2018-12-29 11:27:26,054 : INFO : $F	R	56	R.I	U	0	0	0	0	0	0	0		0	0.0000
2018-12-29 11:27:26,079 : INFO : $F	R	56	R.I	U	0	0	0	0	0	0	0		0	0.0000
2018-12-29 11:27:26,105 : INFO : $F	R	56	R.I	U	0	0	0	0	0	0	0		0	0.0000
2018-12-29 11:27:26,129 : INFO : $F	R	56	R.I	U	0	0	0	0	0	0	0		0	0.0000
2018-12-29 11:27:26,152 : INFO : $F	R	56	R.I	U	0	0	0	0	0	0	0		0	0.0000
2018-12-29 11:27:26,176 : INFO : $F	R	56	R.I	U	0	0	0	0	0	0	0		0	0.0000
2018-12-29 11:27:26,202 : INFO : $F	R	56	R.I	U	0	0	0	0	0	0	0		0	0.0000
2018-12-29 11:27:26,226 : INFO : $F	R	56	R.I	U	0	0	0	0	0	0	0		0	0.0000
2018-12-29 11:27:26,250 : INFO : $F	R	56	R.I	U	0	0	0	0	0	0	0		0	0.0000
2018-12-29 11:27:26,273 : INFO : $F	R	56	R.I	U	0	0	0	0	0	0	0		0	0.0000
2018-12-29 11:27:26,274 : INFO : $F	N	57	R.I	G	0	0	0	0	0	0	0		0	0.0000
2018-12-29 11:27:26,274 : INFO : Start point found at 01:38:18.0517
2018-12-29 11:27:26,321 : INFO : $F	U	57	R.I	G	0	222A7	0	0	0	0	0	20	0	0.0000
2018-12-29 11:27:26,364 : INFO : $F	U	57	R.I	G	0	530AE	0	0	0	0	0	20	0	0.0000
2018-12-29 11:27:26,410 : INFO : $F	U	57	R.I	G	1	83E84	1	0	0	0	0	20	0	214.6066
2018-12-29 11:27:26,453 : INFO : $F	U	57	R.I	G	1	B4C64	1	0	0	0	0	20	0	214.6066
2018-12-29 11:27:26,497 : INFO : $F	U	57	R.I	G	2	E5A8D	2	0	0	0	0	20	0	217.6231
2018-12-29 11:27:26,540 : INFO : $F	U	57	R.I	G	2	116863	2	0	0	0	0	20	0	217.6231
2018-12-29 11:27:26,583 : INFO : $F	U	57	R.I	G	3	147643	3	0	0	0	0	20	0	218.5907
2018-12-29 11:27:26,627 : INFO : $F	U	57	R.I	G	3	178423	3	0	0	0	0	20	0	218.5907
2018-12-29 11:27:26,669 : INFO : $F	U	57	R.I	G	4	1A9209	4	0	0	0	0	20	0	219.0330
2018-12-29 11:27:26,713 : INFO : $F	U	57	R.I	G	4	1D9FE9	4	0	0	0	0	20	0	219.0330
2018-12-29 11:27:26,756 : INFO : $F	U	57	R.I	G	5	20ADBF	5	0	0	0	0	20	0	219.2334
2018-12-29 11:27:26,800 : INFO : $F	U	57	R.I	G	5	23BB33	5	0	0	0	0	20	0	219.2334
2018-12-29 11:27:26,841 : INFO : $F	U	57	R.I	G	6	26C913	6	0	0	0	0	20	0	219.3785
2018-12-29 11:27:26,885 : INFO : $F	U	57	R.I	G	6	29D6E9	6	0	0	0	0	20	0	219.3785
2018-12-29 11:27:26,928 : INFO : $F	U	57	R.I	G	7	2CE51B	7	0	0	0	0	20	0	219.4511
2018-12-29 11:27:26,972 : INFO : $F	U	57	R.I	G	7	2FF2FB	7	0	0	0	0	20	0	219.4511
2018-12-29 11:27:27,015 : INFO : $F	U	57	R.I	G	8	3300D1	8	0	0	0	0	20	0	219.5018
2018-12-29 11:27:27,058 : INFO : $F	U	57	R.I	G	8	360E11	8	0	0	0	0	20	0	219.5018
2018-12-29 11:27:27,100 : INFO : $F	U	57	R.I	G	9	391BE7	9	0	0	0	0	20	0	219.4031
2018-12-29 11:27:27,145 : INFO : $F	U	57	R.I	G	9	3C29C7	9	0	0	0	0	20	0	219.4031
2018-12-29 11:27:27,186 : INFO : $F	U	57	R.I	G	A	3F37A7	A	0	0	0	0	20	0	219.4307
2018-12-29 11:27:27,230 : INFO : $F	U	57	R.I	G	A	4238E8	A	0	0	0	0	20	0	219.4307
2018-12-29 11:27:27,273 : INFO : $F	U	57	R.I	G	B	4546C8	B	0	0	0	0	20	0	219.2922
2018-12-29 11:27:27,317 : INFO : $F	U	57	R.I	G	B	48549E	B	0	0	0	0	20	0	219.2922
2018-12-29 11:27:27,360 : INFO : $F	U	57	R.I	G	C	4B6208	C	0	0	0	0	20	0	219.1747
2018-12-29 11:27:27,403 : INFO : $F	U	57	R.I	G	C	4E6FE8	C	0	0	0	0	20	0	219.1747
2018-12-29 11:27:27,445 : INFO : $F	U	57	R.I	G	C	517DBE	C	0	0	0	0	20	0	219.1747
2018-12-29 11:27:27,489 : INFO : $F	U	57	R.I	G	D	548C66	D	0	0	0	0	20	0	219.0875
2018-12-29 11:27:27,533 : INFO : $F	U	57	R.I	G	D	579A46	D	0	0	0	0	20	0	219.0875
2018-12-29 11:27:27,577 : INFO : $F	U	57	R.I	G	E	5AA81C	E	0	0	0	0	20	0	219.0273
2018-12-29 11:27:27,620 : INFO : $F	U	57	R.I	G	E	5DB5FC	E	0	0	0	0	20	0	219.0273
2018-12-29 11:27:27,665 : INFO : $F	U	57	R.I	G	F	60C37D	F	0	0	0	0	20	0	218.9915
2018-12-29 11:27:27,708 : INFO : $F	U	57	R.I	G	F	63D15D	F	0	0	0	0	20	0	218.9915
2018-12-29 11:27:27,752 : INFO : $F	U	57	R.I	G	10	66DF3D	10	0	0	0	0	20	0	218.9738
2018-12-29 11:27:27,796 : INFO : $F	U	57	R.I	G	10	69ED2E	10	0	0	0	0	20	0	218.9738
2018-12-29 11:27:27,840 : INFO : $F	U	57	R.I	G	11	6CFB0E	11	0	0	0	0	20	0	218.9767
2018-12-29 11:27:27,883 : INFO : $F	U	57	R.I	G	11	7008EE	11	0	0	0	0	20	0	218.9767
2018-12-29 11:27:27,925 : INFO : $F	U	57	R.I	G	12	731648	12	0	0	0	0	20	0	218.9807
2018-12-29 11:27:27,969 : INFO : $F	U	57	R.I	G	12	762428	12	0	0	0	0	20	0	218.9807
2018-12-29 11:27:28,012 : INFO : $F	U	57	R.I	G	13	7931FE	13	0	0	0	0	20	0	219.0066
2018-12-29 11:27:28,054 : INFO : $F	U	57	R.I	G	13	7C4043	13	0	0	0	0	20	0	219.0066
2018-12-29 11:27:28,096 : INFO : $F	U	57	R.I	G	14	7F4153	14	0	0	0	0	20	0	219.0454
2018-12-29 11:27:28,140 : INFO : $F	U	57	R.I	G	14	824F29	14	0	0	0	0	20	0	219.0454
2018-12-29 11:27:28,183 : INFO : $F	U	57	R.I	G	15	855D09	15	0	0	0	0	20	0	219.0518
2018-12-29 11:27:28,226 : INFO : $F	U	57	R.I	G	15	886A40	15	0	0	0	0	20	0	219.0518
2018-12-29 11:27:28,269 : INFO : $F	U	57	R.I	G	16	8B7820	16	0	0	0	0	20	0	219.0268
2018-12-29 11:27:28,313 : INFO : $F	U	57	R.I	G	16	8E8600	16	0	0	0	0	20	0	219.0268
2018-12-29 11:27:28,356 : INFO : $F	U	57	R.I	G	17	91940A	17	0	0	0	0	20	0	219.0140
2018-12-29 11:27:28,401 : INFO : $F	U	57	R.I	G	17	94A28A	17	0	0	0	0	20	0	219.0140
2018-12-29 11:27:28,445 : INFO : $F	U	57	R.I	G	18	97B060	18	0	0	0	0	20	0	219.0066
2018-12-29 11:27:28,489 : INFO : $F	U	57	R.I	G	18	9ABE67	18	0	0	0	0	20	0	219.0066
2018-12-29 11:27:28,532 : INFO : $F	U	57	R.I	G	19	9DCC3D	19	0	0	0	0	20	0	218.8203
2018-12-29 11:27:28,575 : INFO : $F	U	57	R.I	G	19	A0DA1D	19	0	0	0	0	20	0	218.8203
2018-12-29 11:27:28,618 : INFO : $F	U	57	R.I	G	1A	A3E7FD	1A	0	0	0	0	20	0	218.5539
2018-12-29 11:27:28,661 : INFO : $F	U	57	R.I	G	1A	A6F606	1A	0	0	0	0	20	0	218.5539
2018-12-29 11:27:28,704 : INFO : $F	U	57	R.I	G	1B	AA03E6	1B	0	0	0	0	20	0	218.4040
2018-12-29 11:27:28,747 : INFO : $F	U	57	R.I	G	1B	AD11C6	1B	0	0	0	0	20	0	218.4040
2018-12-29 11:27:28,791 : INFO : $F	U	57	R.I	G	1B	B01F43	1B	0	0	0	0	20	0	218.4040
2018-12-29 11:27:28,834 : INFO : $F	U	57	R.I	G	1C	B32D23	1C	0	0	0	0	20	0	218.1773
2018-12-29 11:27:28,877 : INFO : $F	U	57	R.I	G	1C	B63AF9	1C	0	0	0	0	20	0	218.1773
2018-12-29 11:27:28,922 : INFO : $F	U	57	R.I	G	1D	B948E9	1D	0	0	0	0	20	0	218.0134
2018-12-29 11:27:28,965 : INFO : $F	U	57	R.I	G	1D	BC56C9	1D	0	0	0	0	20	0	218.0134
2018-12-29 11:27:29,009 : INFO : $F	U	57	R.I	G	1E	BF57CF	1E	0	0	0	0	20	0	217.3840
2018-12-29 11:27:29,052 : INFO : $F	U	57	R.I	G	1E	C265AF	1E	0	0	0	0	20	0	217.3840
2018-12-29 11:27:29,096 : INFO : $F	U	57	R.I	G	1F	C5734F	1F	0	0	0	0	1	1	216.7405
2018-12-29 11:27:29,139 : INFO : $F	U	57	R.I	G	1F	C8812F	1F	0	0	0	0	1	1	216.7405
2018-12-29 11:27:29,184 : INFO : $F	U	57	R.I	G	20	CB8F0F	20	0	0	0	0	21	2	216.1049
2018-12-29 11:27:29,228 : INFO : $F	U	57	R.I	G	20	CE9D01	20	0	0	0	0	21	2	216.1049
2018-12-29 11:27:29,272 : INFO : $F	U	57	R.I	G	20	D1AAE1	20	0	0	0	0	21	2	216.1049
2018-12-29 11:27:29,317 : INFO : $F	U	57	R.I	G	21	D4B8C1	21	0	0	0	0	21	2	215.9201
2018-12-29 11:27:29,362 : INFO : $F	U	57	R.I	G	21	D7C601	21	0	0	0	0	21	2	215.9201
2018-12-29 11:27:29,405 : INFO : $F	U	57	R.I	G	22	DAD3E1	22	0	0	0	0	21	2	213.9538
2018-12-29 11:27:29,450 : INFO : $F	U	57	R.I	G	22	DDE1B7	22	0	0	0	0	21	2	213.9538
2018-12-29 11:27:29,495 : INFO : $F	U	57	R.I	G	22	E0F055	22	0	0	0	0	21	2	213.9538
2018-12-29 11:27:29,539 : INFO : $F	U	57	R.I	G	23	E3FE35	23	0	0	0	0	20	3	211.6305
2018-12-29 11:27:29,583 : INFO : $F	U	57	R.I	G	23	E70C0B	23	0	0	0	0	20	3	211.6305
2018-12-29 11:27:29,625 : INFO : $F	U	57	R.I	G	24	EA19EB	24	0	0	0	0	20	3	211.9265
2018-12-29 11:27:29,669 : INFO : $F	U	57	R.I	G	24	ED276A	24	0	0	0	0	20	3	211.9265
2018-12-29 11:27:29,712 : INFO : $F	U	57	R.I	G	25	F03540	25	0	0	0	0	20	3	212.1934
2018-12-29 11:27:29,724 : INFO : $F	U	57	R.I	G	25	F34320	25	0	0	0	0	20	3	212.1934
2018-12-29 11:27:29,725 : INFO : $F	U	57	R.I	G	26	F65127	26	0	0	0	0	20	3	212.4122
2018-12-29 11:27:29,742 : INFO : $F	U	57	R.I	G	26	F95F07	26	0	0	0	0	20	3	212.4122
2018-12-29 11:27:29,784 : INFO : $F	U	57	R.I	G	27	FC6CE7	27	0	0	0	0	20	3	212.5932
2018-12-29 11:27:29,827 : INFO : $F	U	57	R.I	G	27	FF7A40	27	0	0	0	0	20	3	212.5932
2018-12-29 11:27:29,869 : INFO : $F	U	57	R.I	G	28	1027B50	28	0	0	0	0	20	3	212.7411
2018-12-29 11:27:29,912 : INFO : $F	U	57	R.I	G	28	1058926	28	0	0	0	0	20	3	212.7411
2018-12-29 11:27:29,953 : INFO : $F	U	57	R.I	G	29	1089706	29	0	0	0	0	20	3	212.8499
2018-12-29 11:27:29,995 : INFO : $F	U	57	R.I	G	29	10BA511	29	0	0	0	0	20	3	212.8499
2018-12-29 11:27:30,037 : INFO : $F	U	57	R.I	G	29	10EB2E7	29	0	0	0	0	20	3	212.8499
2018-12-29 11:27:30,079 : INFO : $F	U	57	R.I	G	2A	111C0C7	2A	0	0	0	0	20	3	212.9433
2018-12-29 11:27:30,121 : INFO : $F	U	57	R.I	G	2A	114CE3B	2A	0	0	0	0	20	3	212.9433
2018-12-29 11:27:30,163 : INFO : $F	U	57	R.I	G	2B	117DC11	2B	0	0	0	0	20	3	213.0718
2018-12-29 11:27:30,204 : INFO : $F	U	57	R.I	G	2B	11AE9F1	2B	0	0	0	0	20	3	213.0718
2018-12-29 11:27:30,246 : INFO : $F	U	57	R.I	G	2C	11DF82F	2C	0	0	0	0	20	3	213.1725
2018-12-29 11:27:30,286 : INFO : $F	U	57	R.I	G	2C	12107E5	2C	0	0	0	0	20	3	213.1725
2018-12-29 11:27:30,326 : INFO : $F	U	57	R.I	G	2D	12415C5	2D	0	0	0	0	20	3	213.2556
2018-12-29 11:27:30,366 : INFO : $F	U	57	R.I	G	2D	127239A	2D	0	0	0	0	20	3	213.2556
2018-12-29 11:27:30,406 : INFO : $F	U	57	R.I	G	2E	12A317A	2E	0	0	0	0	20	3	213.3348
2018-12-29 11:27:30,445 : INFO : $F	U	57	R.I	G	2E	12D3F50	2E	0	0	0	0	20	3	213.3348
2018-12-29 11:27:30,485 : INFO : $F	U	57	R.I	G	2F	1304D30	2F	0	0	0	0	20	3	213.3994
2018-12-29 11:27:30,495 : INFO : $F	N	58	R.I	Y	2F	1310DFF	2F	C6C	0	0	1	20	3	213.3994
2018-12-29 11:27:30,524 : INFO : $F	U	58	R.I	Y	2F	1310DFF	2F	24D38	0	0	1	20	3	213.3994
2018-12-29 11:27:30,563 : INFO : $F	U	58	R.I	Y	2F	1310DFF	2F	54E3E	0	0	1	20	3	213.3994
2018-12-29 11:27:30,602 : INFO : $F	U	58	R.I	Y	30	1310DFF	2F	85C1E	1	0	1	20	3	211.7385
2018-12-29 11:27:30,641 : INFO : $F	U	58	R.I	Y	30	1310DFF	2F	B69C6	1	0	1	20	3	211.7385
2018-12-29 11:27:30,681 : INFO : $F	U	58	R.I	Y	30	1310DFF	2F	E77A6	1	0	1	20	3	211.7385
2018-12-29 11:27:30,718 : INFO : $F	U	58	R.I	Y	30	1310DFF	2F	118586	1	0	1	20	3	211.7385
2018-12-29 11:27:30,754 : INFO : $F	U	58	R.I	Y	30	1310DFF	2F	14934A	1	0	1	20	3	211.7385
2018-12-29 11:27:30,795 : INFO : $F	U	58	R.I	Y	31	1310DFF	2F	17A12A	2	0	1	20	3	205.8611
2018-12-29 11:27:30,835 : INFO : $F	U	58	R.I	Y	31	1310DFF	2F	1AAF0A	2	0	1	20	3	205.8611
2018-12-29 11:27:30,876 : INFO : $F	U	58	R.I	Y	31	1310DFF	2F	1DBCE0	2	0	1	20	3	205.8611
2018-12-29 11:27:30,914 : INFO : $F	U	58	R.I	Y	31	1310DFF	2F	20CA52	2	0	1	20	3	205.8611
2018-12-29 11:27:30,950 : INFO : $F	U	58	R.I	Y	31	1310DFF	2F	23D828	2	0	1	20	3	205.8611
2018-12-29 11:27:30,989 : INFO : $F	U	58	R.I	Y	31	1310DFF	2F	26E608	2	0	1	20	3	205.8611
2018-12-29 11:27:31,030 : INFO : $F	U	58	R.I	Y	32	1310DFF	2F	29F414	3	0	1	20	3	198.9123
2018-12-29 11:27:31,069 : INFO : $F	U	58	R.I	Y	32	1310DFF	2F	2D01EA	3	0	1	20	3	198.9123
2018-12-29 11:27:31,108 : INFO : $F	U	58	R.I	Y	32	1310DFF	2F	300FCA	3	0	1	20	3	198.9123
2018-12-29 11:27:31,145 : INFO : $F	U	58	R.I	Y	32	1310DFF	2F	331D34	3	0	1	20	3	198.9123
2018-12-29 11:27:31,182 : INFO : $F	U	58	R.I	Y	32	1310DFF	2F	362C40	3	0	1	20	3	198.9123
2018-12-29 11:27:31,223 : INFO : $F	U	58	R.I	Y	32	1310DFF	2F	393A20	3	0	1	20	3	198.9123
2018-12-29 11:27:31,266 : INFO : $F	U	58	R.I	Y	33	1310DFF	2F	3C48ED	4	0	1	19	4	192.8348
2018-12-29 11:27:31,307 : INFO : $F	U	58	R.I	Y	33	1310DFF	2F	3F56C3	4	0	1	19	4	192.8348
2018-12-29 11:27:31,348 : INFO : $F	U	58	R.I	Y	33	1310DFF	2F	4257D3	4	0	1	19	4	192.8348
2018-12-29 11:27:31,386 : INFO : $F	U	58	R.I	Y	33	1310DFF	2F	4565A9	4	0	1	19	4	192.8348
2018-12-29 11:27:31,425 : INFO : $F	U	58	R.I	Y	33	1310DFF	2F	4872FE	4	0	1	19	4	192.8348
2018-12-29 11:27:31,467 : INFO : $F	U	58	R.I	Y	34	1310DFF	2F	4B80DE	5	0	1	19	4	188.2594
2018-12-29 11:27:31,509 : INFO : $F	U	58	R.I	Y	34	1310DFF	2F	4E8EB4	5	0	1	19	4	188.2594
2018-12-29 11:27:31,552 : INFO : $F	U	58	R.I	Y	34	1310DFF	2F	519CBD	5	0	1	19	4	188.2594
2018-12-29 11:27:31,592 : INFO : $F	U	58	R.I	Y	34	1310DFF	2F	54AA9D	5	0	1	19	4	188.2594
2018-12-29 11:27:31,631 : INFO : $F	U	58	R.I	Y	34	1310DFF	2F	57B873	5	0	1	19	4	188.2594
2018-12-29 11:27:31,671 : INFO : $F	U	58	R.I	Y	34	1310DFF	2F	5AC60F	5	0	1	19	4	188.2594
2018-12-29 11:27:31,715 : INFO : $F	U	58	R.I	Y	35	1310DFF	2F	5DD3E5	6	0	1	19	4	183.7683
2018-12-29 11:27:31,759 : INFO : $F	U	58	R.I	Y	35	1310DFF	2F	60E1C5	6	0	1	19	4	183.7683
2018-12-29 11:27:31,800 : INFO : $F	U	58	R.I	Y	35	1310DFF	2F	63EFA5	6	0	1	19	4	183.7683
2018-12-29 11:27:31,839 : INFO : $F	U	58	R.I	Y	35	1310DFF	2F	66FD7A	6	0	1	19	4	183.7683
2018-12-29 11:27:31,878 : INFO : $F	U	58	R.I	Y	35	1310DFF	2F	6A0B5A	6	0	1	19	4	183.7683
2018-12-29 11:27:31,922 : INFO : $F	U	58	R.I	Y	36	1310DFF	2F	6D193A	7	0	1	19	4	179.9892
2018-12-29 11:27:31,965 : INFO : $F	U	58	R.I	Y	36	1310DFF	2F	7026A3	7	0	1	19	4	179.9892
2018-12-29 11:27:32,006 : INFO : $F	U	58	R.I	Y	36	1310DFF	2F	733483	7	0	1	19	4	179.9892
2018-12-29 11:27:32,030 : INFO : $F	N	59	R.I	G	36	13115F2	2F	7506C8	7	0	1	19	4	179.9892
2018-12-29 11:27:32,046 : INFO : $F	U	59	R.I	G	36	1324990	2F	7506C8	7	0	1	19	4	179.9892
2018-12-29 11:27:32,087 : INFO : $F	U	59	R.I	G	37	135580C	30	7506C8	7	0	1	19	4	178.3179
2018-12-29 11:27:32,125 : INFO : $F	U	59	R.I	G	37	1386682	30	7506C8	7	0	1	19	4	178.3179
2018-12-29 11:27:32,164 : INFO : $F	U	59	R.I	G	38	13B6792	31	7506C8	7	0	1	20	5	178.8612
2018-12-29 11:27:32,202 : INFO : $F	U	59	R.I	G	38	13E752E	31	7506C8	7	0	1	20	5	178.8612
2018-12-29 11:27:32,242 : INFO : $F	U	59	R.I	G	39	141830E	32	7506C8	7	0	1	20	5	179.4610
2018-12-29 11:27:32,265 : INFO : $F	N	5A	R.I	Y	39	14338E0	32	75118E	7	0	2	20	5	179.4610
2018-12-29 11:27:32,282 : INFO : $F	U	5A	R.I	Y	39	14338E0	32	765ED6	7	0	2	20	5	179.4610
2018-12-29 11:27:32,323 : INFO : $F	U	5A	R.I	Y	3A	14338E0	32	796CAC	8	0	2	20	5	179.8300
2018-12-29 11:27:32,366 : INFO : $F	U	5A	R.I	Y	3A	14338E0	32	7C7AB6	8	0	2	20	5	179.8300
2018-12-29 11:27:32,408 : INFO : $F	U	5A	R.I	Y	3A	14338E0	32	7F8896	8	0	2	20	5	179.8300
2018-12-29 11:27:32,445 : INFO : $F	U	5A	R.I	Y	3A	14338E0	32	82966C	8	0	2	20	5	179.8300
2018-12-29 11:27:32,484 : INFO : $F	U	5A	R.I	Y	3A	14338E0	32	85A476	8	0	2	20	5	179.8300
2018-12-29 11:27:32,526 : INFO : $F	U	5A	R.I	Y	3B	14338E0	32	88B24C	9	0	2	20	5	177.0062
2018-12-29 11:27:32,568 : INFO : $F	U	5A	R.I	Y	3B	14338E0	32	8BC02C	9	0	2	20	5	177.0062
2018-12-29 11:27:32,610 : INFO : $F	U	5A	R.I	Y	3B	14338E0	32	8ECD9D	9	0	2	20	5	177.0062
2018-12-29 11:27:32,648 : INFO : $F	U	5A	R.I	Y	3B	14338E0	32	91DB73	9	0	2	20	5	177.0062
2018-12-29 11:27:32,687 : INFO : $F	U	5A	R.I	Y	3B	14338E0	32	94E953	9	0	2	20	5	177.0062
2018-12-29 11:27:32,727 : INFO : $F	U	5A	R.I	Y	3C	14338E0	32	97F733	A	0	2	20	5	173.8868
2018-12-29 11:27:32,770 : INFO : $F	U	5A	R.I	Y	3C	14338E0	32	9B04C3	A	0	2	20	5	173.8868
2018-12-29 11:27:32,812 : INFO : $F	U	5A	R.I	Y	3C	14338E0	32	9E12A3	A	0	2	20	5	173.8868
2018-12-29 11:27:32,851 : INFO : $F	U	5A	R.I	Y	3C	14338E0	32	A12079	A	0	2	20	5	173.8868
2018-12-29 11:27:32,889 : INFO : $F	U	5A	R.I	Y	3C	14338E0	32	A42E60	A	0	2	20	5	173.8868
2018-12-29 11:27:32,929 : INFO : $F	U	5A	R.I	Y	3D	14338E0	32	A73C40	B	0	2	20	5	171.0399
2018-12-29 11:27:32,972 : INFO : $F	U	5A	R.I	Y	3D	14338E0	32	AA4A16	B	0	2	20	5	171.0399
2018-12-29 11:27:33,013 : INFO : $F	U	5A	R.I	Y	3D	14338E0	32	AD581C	B	0	2	20	5	171.0399
2018-12-29 11:27:33,051 : INFO : $F	U	5A	R.I	Y	3D	14338E0	32	B05922	B	0	2	20	5	171.0399
2018-12-29 11:27:33,089 : INFO : $F	U	5A	R.I	Y	3D	14338E0	32	B36702	B	0	2	20	5	171.0399
2018-12-29 11:27:33,129 : INFO : $F	U	5A	R.I	Y	3E	14338E0	32	B674E2	C	0	2	20	5	168.8501
2018-12-29 11:27:33,172 : INFO : $F	U	5A	R.I	Y	3E	14338E0	32	B98303	C	0	2	20	5	168.8501
2018-12-29 11:27:33,212 : INFO : $F	U	5A	R.I	Y	3E	14338E0	32	BC90E3	C	0	2	20	5	168.8501
2018-12-29 11:27:33,250 : INFO : $F	U	5A	R.I	Y	3E	14338E0	32	BF9EC3	C	0	2	20	5	168.8501
2018-12-29 11:27:33,251 : INFO : $F	N	5B	R.I	G	3E	143444E	32	BFACF5	C	0	2	20	5	168.8501
2018-12-29 11:27:33,290 : INFO : $F	U	5B	R.I	G	3F	1463802	33	BFACF5	C	0	2	14	6	167.5469
2018-12-29 11:27:33,328 : INFO : $F	U	5B	R.I	G	3F	14945E2	33	BFACF5	C	0	2	14	6	167.5469
2018-12-29 11:27:33,366 : INFO : $F	U	5B	R.I	G	40	14C53B8	34	BFACF5	C	0	2	14	6	168.1551
2018-12-29 11:27:33,406 : INFO : $F	U	5B	R.I	G	40	14F61C8	34	BFACF5	C	0	2	14	6	168.1551
2018-12-29 11:27:33,444 : INFO : $F	U	5B	R.I	G	41	1526FA8	35	BFACF5	C	0	2	20	7	168.7711
2018-12-29 11:27:33,483 : INFO : $F	U	5B	R.I	G	41	1557D7E	35	BFACF5	C	0	2	20	7	168.7711
2018-12-29 11:27:33,521 : INFO : $F	U	5B	R.I	G	42	1588B00	36	BFACF5	C	0	2	20	7	169.3740
2018-12-29 11:27:33,559 : INFO : $F	U	5B	R.I	G	42	15B98E0	36	BFACF5	C	0	2	20	7	169.3740
2018-12-29 11:27:33,597 : INFO : $F	U	5B	R.I	G	43	15EA6B6	37	BFACF5	C	0	2	20	7	169.9616
2018-12-29 11:27:33,634 : INFO : $F	N	5C	R.I	Y	43	1618F80	37	BFB86B	C	0	3	20	7	169.9616
2018-12-29 11:27:33,636 : INFO : $F	U	5C	R.I	Y	43	1618F80	37	BFD20B	C	0	3	20	7	169.9616
2018-12-29 11:27:33,674 : INFO : $F	U	5C	R.I	Y	44	1618F80	37	C2DFF0	D	0	3	20	7	170.3612
2018-12-29 11:27:33,715 : INFO : $F	U	5C	R.I	Y	44	1618F80	37	C5EDD0	D	0	3	20	7	170.3612
2018-12-29 11:27:33,757 : INFO : $F	U	5C	R.I	Y	44	1618F80	37	C8FBB0	D	0	3	20	7	170.3612
2018-12-29 11:27:33,794 : INFO : $F	U	5C	R.I	Y	44	1618F80	37	CC09C6	D	0	3	20	7	170.3612
2018-12-29 11:27:33,831 : INFO : $F	U	5C	R.I	Y	44	1618F80	37	CF17A6	D	0	3	20	7	170.3612
2018-12-29 11:27:33,868 : INFO : $F	U	5C	R.I	Y	45	1618F80	37	D218AC	E	0	3	20	7	168.3687
2018-12-29 11:27:33,908 : INFO : $F	U	5C	R.I	Y	45	1618F80	37	D5261C	E	0	3	20	7	168.3687
2018-12-29 11:27:33,948 : INFO : $F	U	5C	R.I	Y	45	1618F80	37	D833FC	E	0	3	20	7	168.3687
2018-12-29 11:27:33,984 : INFO : $F	U	5C	R.I	Y	45	1618F80	37	DB41D2	E	0	3	20	7	168.3687
2018-12-29 11:27:34,020 : INFO : $F	U	5C	R.I	Y	45	1618F80	37	DE4FB2	E	0	3	20	7	168.3687
2018-12-29 11:27:34,059 : INFO : $F	U	5C	R.I	Y	45	1618F80	37	E15E46	E	0	3	20	7	168.3687
2018-12-29 11:27:34,101 : INFO : $F	U	5C	R.I	Y	46	1618F80	37	E46C1C	F	0	3	20	7	165.7266
2018-12-29 11:27:34,143 : INFO : $F	U	5C	R.I	Y	46	1618F80	37	E779FC	F	0	3	20	7	165.7266
2018-12-29 11:27:34,183 : INFO : $F	U	5C	R.I	Y	46	1618F80	37	EA8795	F	0	3	20	7	165.7266
2018-12-29 11:27:34,220 : INFO : $F	U	5C	R.I	Y	46	1618F80	37	ED9575	F	0	3	20	7	165.7266
2018-12-29 11:27:34,257 : INFO : $F	U	5C	R.I	Y	46	1618F80	37	F0A355	F	0	3	20	7	165.7266
2018-12-29 11:27:34,297 : INFO : $F	U	5C	R.I	Y	47	1618F80	37	F3B134	10	0	3	20	7	163.5175
2018-12-29 11:27:34,339 : INFO : $F	U	5C	R.I	Y	47	1618F80	37	F6BF14	10	0	3	20	7	163.5175
2018-12-29 11:27:34,380 : INFO : $F	U	5C	R.I	Y	47	1618F80	37	F9CCF4	10	0	3	20	7	163.5175
2018-12-29 11:27:34,418 : INFO : $F	U	5C	R.I	Y	47	1618F80	37	FCDACA	10	0	3	20	7	163.5175
2018-12-29 11:27:34,457 : INFO : $F	U	5C	R.I	Y	47	1618F80	37	FFE831	10	0	3	20	7	163.5175
2018-12-29 11:27:34,497 : INFO : $F	U	5C	R.I	Y	48	1618F80	37	102F607	11	0	3	20	7	161.6099
2018-12-29 11:27:34,540 : INFO : $F	U	5C	R.I	Y	48	1618F80	37	10603E7	11	0	3	20	7	161.6099
2018-12-29 11:27:34,581 : INFO : $F	U	5C	R.I	Y	48	1618F80	37	1091219	11	0	3	20	7	161.6099
2018-12-29 11:27:34,618 : INFO : $F	U	5C	R.I	Y	48	1618F80	37	10C1FEF	11	0	3	20	7	161.6099
2018-12-29 11:27:34,634 : INFO : $F	N	5D	R.I	G	48	1619983	37	10D7004	11	0	3	20	7	161.6099
2018-12-29 11:27:34,657 : INFO : $F	U	5D	R.I	G	49	1634D4B	38	10D7004	11	0	3	14	8	160.5504
2018-12-29 11:27:34,697 : INFO : $F	U	5D	R.I	G	49	1665A97	38	10D7004	11	0	3	14	8	160.5504
2018-12-29 11:27:34,734 : INFO : $F	U	5D	R.I	G	49	1695B9D	38	10D7004	11	0	3	14	8	160.5504
2018-12-29 11:27:34,773 : INFO : $F	U	5D	R.I	G	4A	16C697D	39	10D7004	11	0	3	14	8	161.1039
2018-12-29 11:27:34,810 : INFO : $F	U	5D	R.I	G	4A	16F779D	39	10D7004	11	0	3	14	8	161.1039
2018-12-29 11:27:34,849 : INFO : $F	U	5D	R.I	G	4B	172861D	3A	10D7004	11	0	3	14	8	161.6798
2018-12-29 11:27:34,886 : INFO : $F	U	5D	R.I	G	4B	17593F3	3A	10D7004	11	0	3	14	8	161.6798
2018-12-29 11:27:34,925 : INFO : $F	U	5D	R.I	G	4C	178A1D3	3B	10D7004	11	0	3	14	8	162.2435
2018-12-29 11:27:34,962 : INFO : $F	U	5D	R.I	G	4C	17BAFD4	3B	10D7004	11	0	3	14	8	162.2435
2018-12-29 11:27:35,001 : INFO : $F	U	5D	R.I	G	4D	17EBDB4	3C	10D7004	11	0	3	14	8	162.7955
2018-12-29 11:27:35,038 : INFO : $F	U	5D	R.I	G	4D	181CB94	3C	10D7004	11	0	3	14	8	162.7955
2018-12-29 11:27:35,075 : INFO : $F	U	5D	R.I	G	4E	184D976	3D	10D7004	11	0	3	14	8	163.3347
2018-12-29 11:27:35,112 : INFO : $F	U	5D	R.I	G	4E	187E756	3D	10D7004	11	0	3	14	8	163.3347
2018-12-29 11:27:35,149 : INFO : $F	U	5D	R.I	G	4F	18AF536	3E	10D7004	11	0	3	14	8	163.8592
2018-12-29 11:27:35,184 : INFO : $F	U	5D	R.I	G	4F	18E02AF	3E	10D7004	11	0	3	14	8	163.8592
2018-12-29 11:27:35,219 : INFO : $F	U	5D	R.I	G	50	191108F	3F	10D7004	11	0	3	14	8	164.3741
2018-12-29 11:27:35,255 : INFO : $F	U	5D	R.I	G	50	1941E65	3F	10D7004	11	0	3	14	8	164.3741
2018-12-29 11:27:35,289 : INFO : $F	U	5D	R.I	G	51	1972C7A	40	10D7004	11	0	3	14	8	164.8763
2018-12-29 11:27:35,325 : INFO : $F	U	5D	R.I	G	51	19A3A5A	40	10D7004	11	0	3	14	8	164.8763
2018-12-29 11:27:35,362 : INFO : $F	U	5D	R.I	G	52	19D4830	41	10D7004	11	0	3	14	8	165.3664
2018-12-29 11:27:35,400 : INFO : $F	U	5D	R.I	G	52	1A05610	41	10D7004	11	0	3	14	8	165.3664
2018-12-29 11:27:35,437 : INFO : $F	U	5D	R.I	G	53	1A36370	42	10D7004	11	0	3	14	8	165.8468
2018-12-29 11:27:35,475 : INFO : $F	U	5D	R.I	G	53	1A66476	42	10D7004	11	0	3	14	8	165.8468
2018-12-29 11:27:35,512 : INFO : $F	U	5D	R.I	G	54	1A97256	43	10D7004	11	0	3	14	8	166.3212
2018-12-29 11:27:35,551 : INFO : $F	U	5D	R.I	G	54	1AC8088	43	10D7004	11	0	3	14	8	166.3212
2018-12-29 11:27:35,587 : INFO : $F	U	5D	R.I	G	55	1AF8E68	44	10D7004	11	0	3	14	8	166.7914
2018-12-29 11:27:35,625 : INFO : $F	U	5D	R.I	G	55	1B29C48	44	10D7004	11	0	3	14	8	166.7914
2018-12-29 11:27:35,662 : INFO : $F	U	5D	R.I	G	56	1B5A985	45	10D7004	11	0	3	14	8	167.2509
2018-12-29 11:27:35,699 : INFO : $F	U	5D	R.I	G	56	1B8B7FB	45	10D7004	11	0	3	14	8	167.2509
2018-12-29 11:27:35,737 : INFO : $F	U	5D	R.I	G	57	1BBC5DB	46	10D7004	11	0	3	14	8	167.6995
2018-12-29 11:27:35,774 : INFO : $F	U	5D	R.I	G	57	1BED3BB	46	10D7004	11	0	3	14	8	167.6995
2018-12-29 11:27:35,812 : INFO : $F	U	5D	R.I	G	58	1C1E250	47	10D7004	11	0	3	14	8	168.1114
2018-12-29 11:27:35,849 : INFO : $F	U	5D	R.I	G	58	1C4F030	47	10D7004	11	0	3	14	8	168.1114
2018-12-29 11:27:35,888 : INFO : $F	U	5D	R.I	G	59	1C7FE10	48	10D7004	11	0	3	14	8	168.5023
2018-12-29 11:27:35,926 : INFO : $F	U	5D	R.I	G	59	1CB0BA5	48	10D7004	11	0	3	14	8	168.5023
2018-12-29 11:27:35,965 : INFO : $F	U	5D	R.I	G	59	1CE1985	48	10D7004	11	0	3	14	8	168.5023
2018-12-29 11:27:36,002 : INFO : $F	U	5D	R.I	G	5A	1D1275B	49	10D7004	11	0	3	20	9	168.8710
2018-12-29 11:27:36,042 : INFO : $F	U	5D	R.I	G	5A	1D43562	49	10D7004	11	0	3	20	9	168.8710
2018-12-29 11:27:36,080 : INFO : $F	U	5D	R.I	G	5B	1D74342	4A	10D7004	11	0	3	20	9	169.2985
2018-12-29 11:27:36,119 : INFO : $F	U	5D	R.I	G	5B	1DA5118	4A	10D7004	11	0	3	20	9	169.2985
2018-12-29 11:27:36,157 : INFO : $F	U	5D	R.I	G	5C	1DD5EF8	4B	10D7004	11	0	3	12	A	169.6739
2018-12-29 11:27:36,195 : INFO : $F	U	5D	R.I	G	5C	1E06C63	4B	10D7004	11	0	3	12	A	169.6739
2018-12-29 11:27:36,232 : INFO : $F	U	5D	R.I	G	5D	1E37A39	4C	10D7004	11	0	3	12	A	170.0990
2018-12-29 11:27:36,270 : INFO : $F	U	5D	R.I	G	5D	1E67B49	4C	10D7004	11	0	3	12	A	170.0990
2018-12-29 11:27:36,308 : INFO : $F	U	5D	R.I	G	5E	1E9895B	4D	10D7004	11	0	3	12	A	170.1139
2018-12-29 11:27:36,346 : INFO : $F	U	5D	R.I	G	5E	1EC973B	4D	10D7004	11	0	3	12	A	170.1139
2018-12-29 11:27:36,361 : INFO : $F	U	5D	R.I	G	5E	1EFA51B	4D	10D7004	11	0	3	12	A	170.1139
2018-12-29 11:27:36,385 : INFO : $F	U	5D	R.I	G	5F	1F2B268	4E	10D7004	11	0	3	64	B	170.1068
2018-12-29 11:27:36,423 : INFO : $F	U	5D	R.I	G	5F	1F5C048	4E	10D7004	11	0	3	64	B	170.1068
2018-12-29 11:27:36,460 : INFO : $F	U	5D	R.I	G	60	1F8CE1E	4F	10D7004	11	0	3	18	C	170.4405
2018-12-29 11:27:36,497 : INFO : $F	U	5D	R.I	G	60	1FBDC23	4F	10D7004	11	0	3	18	C	170.4405
2018-12-29 11:27:36,534 : INFO : $F	U	5D	R.I	G	61	1FEEA03	50	10D7004	11	0	3	15	D	170.7178
2018-12-29 11:27:36,572 : INFO : $F	U	5D	R.I	G	61	201F7D9	50	10D7004	11	0	3	15	D	170.7178
2018-12-29 11:27:36,608 : INFO : $F	U	5D	R.I	G	61	20505B9	50	10D7004	11	0	3	15	D	170.7178
2018-12-29 11:27:36,646 : INFO : $F	U	5D	R.I	G	62	20813BD	51	10D7004	11	0	3	15	D	171.0412
2018-12-29 11:27:36,682 : INFO : $F	U	5D	R.I	G	62	20B2193	51	10D7004	11	0	3	15	D	171.0412
2018-12-29 11:27:36,719 : INFO : $F	U	5D	R.I	G	63	20E2F73	52	10D7004	11	0	3	15	D	171.3860
2018-12-29 11:27:36,756 : INFO : $F	U	5D	R.I	G	63	2113D74	52	10D7004	11	0	3	15	D	171.3860
2018-12-29 11:27:36,792 : INFO : $F	U	5D	R.I	G	64	2144B54	53	10D7004	11	0	3	15	D	171.7340
2018-12-29 11:27:36,828 : INFO : $F	U	5D	R.I	G	64	2175934	53	10D7004	11	0	3	15	D	171.7340
2018-12-29 11:27:36,865 : INFO : $F	U	5D	R.I	G	65	21A66DE	54	10D7004	11	0	3	15	D	172.0811
2018-12-29 11:27:36,902 : INFO : $F	U	5D	R.I	G	65	21D74BE	54	10D7004	11	0	3	15	D	172.0811
2018-12-29 11:27:36,937 : INFO : $F	U	5D	R.I	G	66	220829E	55	10D7004	11	0	3	15	D	172.4257
2018-12-29 11:27:36,974 : INFO : $F	U	5D	R.I	G	66	2239074	55	10D7004	11	0	3	15	D	172.4257
2018-12-29 11:27:37,009 : INFO : $F	U	5D	R.I	G	67	2269177	56	10D7004	11	0	3	15	D	172.7663
2018-12-29 11:27:37,046 : INFO : $F	U	5D	R.I	G	67	2299F4D	56	10D7004	11	0	3	15	D	172.7663
2018-12-29 11:27:37,081 : INFO : $F	U	5D	R.I	G	68	22CAD2D	57	10D7004	11	0	3	15	D	173.0896
2018-12-29 11:27:37,118 : INFO : $F	U	5D	R.I	G	68	22FBA96	57	10D7004	11	0	3	15	D	173.0896
2018-12-29 11:27:37,154 : INFO : $F	U	5D	R.I	G	69	232C86C	58	10D7004	11	0	3	15	D	173.4047
2018-12-29 11:27:37,190 : INFO : $F	U	5D	R.I	G	69	235D64C	58	10D7004	11	0	3	15	D	173.4047
2018-12-29 11:27:37,226 : INFO : $F	U	5D	R.I	G	69	238E468	58	10D7004	11	0	3	15	D	173.4047
2018-12-29 11:27:37,264 : INFO : $F	U	5D	R.I	G	6A	23BF248	59	10D7004	11	0	3	19	E	173.4162
2018-12-29 11:27:37,300 : INFO : $F	U	5D	R.I	G	6A	23F0028	59	10D7004	11	0	3	19	E	173.4162
2018-12-29 11:27:37,337 : INFO : $F	U	5D	R.I	G	6B	2420DFE	5A	10D7004	11	0	3	19	E	173.7400
2018-12-29 11:27:37,374 : INFO : $F	U	5D	R.I	G	6B	2451C9B	5A	10D7004	11	0	3	19	E	173.7400
2018-12-29 11:27:37,410 : INFO : $F	U	5D	R.I	G	6C	2482A7B	5B	10D7004	11	0	3	12	F	174.0127
2018-12-29 11:27:37,447 : INFO : $F	U	5D	R.I	G	6C	24B3851	5B	10D7004	11	0	3	12	F	174.0127
2018-12-29 11:27:37,484 : INFO : $F	U	5D	R.I	G	6D	24E46F5	5C	10D7004	11	0	3	12	F	174.3246
2018-12-29 11:27:37,521 : INFO : $F	U	5D	R.I	G	6D	25154D5	5C	10D7004	11	0	3	12	F	174.3246
2018-12-29 11:27:37,557 : INFO : $F	U	5D	R.I	G	6E	25462AB	5D	10D7004	11	0	3	12	F	174.6424
2018-12-29 11:27:37,593 : INFO : $F	U	5D	R.I	G	6E	2577041	5D	10D7004	11	0	3	12	F	174.6424
2018-12-29 11:27:37,630 : INFO : $F	U	5D	R.I	G	6F	25A7E21	5E	10D7004	11	0	3	12	F	174.9560
2018-12-29 11:27:37,667 : INFO : $F	U	5D	R.I	G	6F	25D8BF7	5E	10D7004	11	0	3	12	F	174.9560
2018-12-29 11:27:37,704 : INFO : $F	U	5D	R.I	G	70	2608D0D	5F	10D7004	11	0	3	12	F	175.2545
2018-12-29 11:27:37,742 : INFO : $F	U	5D	R.I	G	70	2639AE3	5F	10D7004	11	0	3	12	F	175.2545
2018-12-29 11:27:37,779 : INFO : $F	U	5D	R.I	G	71	266A8C3	60	10D7004	11	0	3	12	F	175.5619
2018-12-29 11:27:37,817 : INFO : $F	U	5D	R.I	G	71	269B6A3	60	10D7004	11	0	3	12	F	175.5619
2018-12-29 11:27:37,854 : INFO : $F	U	5D	R.I	G	71	26CC400	60	10D7004	11	0	3	12	F	175.5619
2018-12-29 11:27:37,891 : INFO : $F	U	5D	R.I	G	72	26FD1E0	61	10D7004	11	0	3	12	F	175.8668
2018-12-29 11:27:37,928 : INFO : $F	U	5D	R.I	G	72	272DFB6	61	10D7004	11	0	3	12	F	175.8668
2018-12-29 11:27:37,964 : INFO : $F	U	5D	R.I	G	73	275EDD1	62	10D7004	11	0	3	12	F	176.1639
2018-12-29 11:27:38,001 : INFO : $F	U	5D	R.I	G	73	278FBB1	62	10D7004	11	0	3	12	F	176.1639
2018-12-29 11:27:38,039 : INFO : $F	U	5D	R.I	G	74	27C0987	63	10D7004	11	0	3	12	F	176.4513
2018-12-29 11:27:38,075 : INFO : $F	U	5D	R.I	G	74	27F16F4	63	10D7004	11	0	3	12	F	176.4513
2018-12-29 11:27:38,114 : INFO : $F	U	5D	R.I	G	75	28224D4	64	10D7004	11	0	3	12	F	176.7323
2018-12-29 11:27:38,151 : INFO : $F	U	5D	R.I	G	75	28532AA	64	10D7004	11	0	3	12	F	176.7323
2018-12-29 11:27:38,188 : INFO : $F	U	5D	R.I	G	76	28840EB	65	10D7004	11	0	3	12	F	177.0052
2018-12-29 11:27:38,226 : INFO : $F	U	5D	R.I	G	76	28B4EC1	65	10D7004	11	0	3	12	F	177.0052
2018-12-29 11:27:38,263 : INFO : $F	U	5D	R.I	G	77	28E5CA1	66	10D7004	11	0	3	12	F	177.2701
2018-12-29 11:27:38,300 : INFO : $F	U	5D	R.I	G	77	2916A81	66	10D7004	11	0	3	12	F	177.2701
2018-12-29 11:27:38,337 : INFO : $F	U	5D	R.I	G	78	294784E	67	10D7004	11	0	3	12	F	177.5218
2018-12-29 11:27:38,374 : INFO : $F	U	5D	R.I	G	78	297862E	67	10D7004	11	0	3	12	F	177.5218
2018-12-29 11:27:38,412 : INFO : $F	U	5D	R.I	G	79	29A940E	68	10D7004	11	0	3	12	F	177.7164
2018-12-29 11:27:38,450 : INFO : $F	U	5D	R.I	G	79	29DA217	68	10D7004	11	0	3	12	F	177.7164
2018-12-29 11:27:38,487 : INFO : $F	U	5D	R.I	G	7A	2A0A327	69	10D7004	11	0	3	12	F	177.9495
2018-12-29 11:27:38,525 : INFO : $F	U	5D	R.I	G	7A	2A3B0FD	69	10D7004	11	0	3	12	F	177.9495
2018-12-29 11:27:38,563 : INFO : $F	U	5D	R.I	G	7B	2A6BE8E	6A	10D7004	11	0	3	12	F	178.2009
2018-12-29 11:27:38,600 : INFO : $F	U	5D	R.I	G	7B	2A9CC6E	6A	10D7004	11	0	3	12	F	178.2009
2018-12-29 11:27:38,638 : INFO : $F	U	5D	R.I	G	7C	2ACDA44	6B	10D7004	11	0	3	12	F	178.4591
2018-12-29 11:27:38,677 : INFO : $F	U	5D	R.I	G	7C	2AFE824	6B	10D7004	11	0	3	12	F	178.4591
2018-12-29 11:27:38,714 : INFO : $F	U	5D	R.I	G	7C	2B2F606	6B	10D7004	11	0	3	12	F	178.4591
2018-12-29 11:27:38,752 : INFO : $F	U	5D	R.I	G	7D	2B603E6	6C	10D7004	11	0	3	12	F	178.7146
2018-12-29 11:27:38,790 : INFO : $F	U	5D	R.I	G	7D	2B911C6	6C	10D7004	11	0	3	12	F	178.7146
2018-12-29 11:27:38,827 : INFO : $F	U	5D	R.I	G	7E	2BC1F21	6D	10D7004	11	0	3	12	F	178.9638
2018-12-29 11:27:38,864 : INFO : $F	U	5D	R.I	G	7E	2BF2D01	6D	10D7004	11	0	3	12	F	178.9638
2018-12-29 11:27:38,901 : INFO : $F	U	5D	R.I	G	7F	2C23AE1	6E	10D7004	11	0	3	12	F	179.2103
2018-12-29 11:27:38,936 : INFO : $F	U	5D	R.I	G	7F	2C54917	6E	10D7004	11	0	3	12	F	179.2103
2018-12-29 11:27:38,974 : INFO : $F	U	5D	R.I	G	80	2C856F7	6F	10D7004	11	0	3	12	F	179.4544
2018-12-29 11:27:39,012 : INFO : $F	U	5D	R.I	G	80	2CB64CD	6F	10D7004	11	0	3	12	F	179.4544
2018-12-29 11:27:39,049 : INFO : $F	U	5D	R.I	G	81	2CE72AD	70	10D7004	11	0	3	28	10	179.5492
2018-12-29 11:27:39,086 : INFO : $F	U	5D	R.I	G	81	2D18139	70	10D7004	11	0	3	28	10	179.5492
2018-12-29 11:27:39,124 : INFO : $F	U	5D	R.I	G	81	2D48F19	70	10D7004	11	0	3	28	10	179.5492
2018-12-29 11:27:39,161 : INFO : $F	U	5D	R.I	G	82	2D79CEF	71	10D7004	11	0	3	18	11	179.3564
2018-12-29 11:27:39,199 : INFO : $F	U	5D	R.I	G	82	2DAAB81	71	10D7004	11	0	3	18	11	179.3564
2018-12-29 11:27:39,235 : INFO : $F	U	5D	R.I	G	83	2DDAC87	72	10D7004	11	0	3	18	11	179.5780
2018-12-29 11:27:39,273 : INFO : $F	U	5D	R.I	G	83	2E0BA67	72	10D7004	11	0	3	18	11	179.5780
2018-12-29 11:27:39,310 : INFO : $F	U	5D	R.I	G	84	2E3C7DA	73	10D7004	11	0	3	18	11	179.7900
2018-12-29 11:27:39,348 : INFO : $F	U	5D	R.I	G	84	2E6D5B0	73	10D7004	11	0	3	18	11	179.7900
2018-12-29 11:27:39,384 : INFO : $F	U	5D	R.I	G	84	2E9E390	73	10D7004	11	0	3	18	11	179.7900
2018-12-29 11:27:39,422 : INFO : $F	U	5D	R.I	G	85	2ECF166	74	10D7004	11	0	3	1	12	179.8294
2018-12-29 11:27:39,459 : INFO : $F	U	5D	R.I	G	85	2EFFF74	74	10D7004	11	0	3	1	12	179.8294
2018-12-29 11:27:39,497 : INFO : $F	U	5D	R.I	G	86	2F30D54	75	10D7004	11	0	3	1	12	180.0587
2018-12-29 11:27:39,533 : INFO : $F	U	5D	R.I	G	86	2F61B2A	75	10D7004	11	0	3	1	12	180.0587
2018-12-29 11:27:39,571 : INFO : $F	U	5D	R.I	G	87	2F9294A	76	10D7004	11	0	3	15	13	180.1634
2018-12-29 11:27:39,609 : INFO : $F	U	5D	R.I	G	87	2FC372A	76	10D7004	11	0	3	15	13	180.1634
2018-12-29 11:27:39,646 : INFO : $F	U	5D	R.I	G	88	2FF4500	77	10D7004	11	0	3	15	13	180.3486
2018-12-29 11:27:39,683 : INFO : $F	U	5D	R.I	G	88	3025261	77	10D7004	11	0	3	15	13	180.3486
2018-12-29 11:27:39,720 : INFO : $F	U	5D	R.I	G	89	3056037	78	10D7004	11	0	3	15	13	180.5276
2018-12-29 11:27:39,759 : INFO : $F	U	5D	R.I	G	89	3086E17	78	10D7004	11	0	3	15	13	180.5276
2018-12-29 11:27:39,796 : INFO : $F	U	5D	R.I	G	8A	30B7B89	79	10D7004	11	0	3	29	14	180.6990
2018-12-29 11:27:39,816 : INFO : $F	N	5E	R.I	Y	8A	30D1A98	79	10D77ED	11	0	4	29	14	180.6990
2018-12-29 11:27:39,834 : INFO : $F	U	5E	R.I	Y	8A	30D1A98	79	10EDECB	11	0	4	29	14	180.6990
2018-12-29 11:27:39,871 : INFO : $F	U	5E	R.I	Y	8A	30D1A98	79	111ECAB	11	0	4	29	14	180.6990
2018-12-29 11:27:39,910 : INFO : $F	U	5E	R.I	Y	8A	30D1A98	79	114FA8B	11	0	4	29	14	180.6990
2018-12-29 11:27:39,949 : INFO : $F	U	5E	R.I	Y	8B	30D1A98	79	1180974	12	0	4	29	14	180.3863
2018-12-29 11:27:39,987 : INFO : $F	U	5E	R.I	Y	8B	30D1A98	79	11B0A7A	12	0	4	29	14	180.3863
2018-12-29 11:27:40,024 : INFO : $F	U	5E	R.I	Y	8B	30D1A98	79	11E185A	12	0	4	29	14	180.3863
2018-12-29 11:27:40,061 : INFO : $F	U	5E	R.I	Y	8B	30D1A98	79	121261B	12	0	4	29	14	180.3863
2018-12-29 11:27:40,100 : INFO : $F	U	5E	R.I	Y	8C	30D1A98	79	12433F1	13	0	4	29	14	179.2351
2018-12-29 11:27:40,140 : INFO : $F	U	5E	R.I	Y	8C	30D1A98	79	12741D1	13	0	4	29	14	179.2351
2018-12-29 11:27:40,177 : INFO : $F	U	5E	R.I	Y	8C	30D1A98	79	12A4FCD	13	0	4	29	14	179.2351
2018-12-29 11:27:40,216 : INFO : $F	U	5E	R.I	Y	8C	30D1A98	79	12D5DAD	13	0	4	29	14	179.2351
2018-12-29 11:27:40,251 : INFO : $F	U	5E	R.I	Y	8C	30D1A98	79	1306B8D	13	0	4	29	14	179.2351
2018-12-29 11:27:40,287 : INFO : $F	U	5E	R.I	Y	8C	30D1A98	79	1337963	13	0	4	29	14	179.2351
2018-12-29 11:27:40,326 : INFO : $F	U	5E	R.I	Y	8D	30D1A98	79	1368795	14	0	4	12	15	177.5297
2018-12-29 11:27:40,366 : INFO : $F	U	5E	R.I	Y	8D	30D1A98	79	1399575	14	0	4	12	15	177.5297
2018-12-29 11:27:40,405 : INFO : $F	U	5E	R.I	Y	8D	30D1A98	79	13CA34B	14	0	4	12	15	177.5297
2018-12-29 11:27:40,442 : INFO : $F	U	5E	R.I	Y	8D	30D1A98	79	13FB0A8	14	0	4	12	15	177.5297
2018-12-29 11:27:40,478 : INFO : $F	U	5E	R.I	Y	8D	30D1A98	79	142BE7E	14	0	4	12	15	177.5297
2018-12-29 11:27:40,517 : INFO : $F	U	5E	R.I	Y	8E	30D1A98	79	145CC5E	15	0	4	12	15	176.2227
2018-12-29 11:27:40,556 : INFO : $F	U	5E	R.I	Y	8E	30D1A98	79	148DA65	15	0	4	12	15	176.2227
2018-12-29 11:27:40,595 : INFO : $F	U	5E	R.I	Y	8E	30D1A98	79	14BE83B	15	0	4	12	15	176.2227
2018-12-29 11:27:40,633 : INFO : $F	U	5E	R.I	Y	8E	30D1A98	79	14EF61B	15	0	4	12	15	176.2227
2018-12-29 11:27:40,669 : INFO : $F	U	5E	R.I	Y	8E	30D1A98	79	1520385	15	0	4	12	15	176.2227
2018-12-29 11:27:40,705 : INFO : $F	U	5E	R.I	Y	8E	30D1A98	79	155115B	15	0	4	12	15	176.2227
2018-12-29 11:27:40,745 : INFO : $F	U	5E	R.I	Y	8F	30D1A98	79	1581F3B	16	0	4	12	15	174.9608
2018-12-29 11:27:40,784 : INFO : $F	U	5E	R.I	Y	8F	30D1A98	79	15B2D11	16	0	4	12	15	174.9608
2018-12-29 11:27:40,822 : INFO : $F	U	5E	R.I	Y	8F	30D1A98	79	15E3033	16	0	4	12	15	174.9608
2018-12-29 11:27:40,859 : INFO : $F	U	5E	R.I	Y	8F	30D1A98	79	1613E09	16	0	4	12	15	174.9608
2018-12-29 11:27:40,897 : INFO : $F	U	5E	R.I	Y	8F	30D1A98	79	1644BE9	16	0	4	12	15	174.9608
2018-12-29 11:27:40,937 : INFO : $F	U	5E	R.I	Y	90	30D1A98	79	16759EE	17	0	4	12	15	173.8194
2018-12-29 11:27:40,977 : INFO : $F	U	5E	R.I	Y	90	30D1A98	79	16A67C4	17	0	4	12	15	173.8194
2018-12-29 11:27:41,015 : INFO : $F	U	5E	R.I	Y	90	30D1A98	79	16D75A4	17	0	4	12	15	173.8194
2018-12-29 11:27:41,038 : INFO : $F	N	5F	R.I	G	90	30D27D2	79	16F5C4C	17	0	4	12	15	173.8194
2018-12-29 11:27:41,052 : INFO : $F	U	5F	R.I	G	90	30E41FC	79	16F5C4C	17	0	4	12	15	173.8194
2018-12-29 11:27:41,091 : INFO : $F	U	5F	R.I	G	91	3114FD2	7A	16F5C4C	17	0	4	12	15	173.1178
2018-12-29 11:27:41,128 : INFO : $F	U	5F	R.I	G	91	3145DB2	7A	16F5C4C	17	0	4	12	15	173.1178
2018-12-29 11:27:41,132 : INFO : $F	N	60	R.I	Y	91	314B97A	7A	16F670E	17	0	5	12	15	173.1178
2018-12-29 11:27:41,168 : INFO : $F	U	60	R.I	Y	92	314B97A	7A	1720E5A	18	0	5	12	15	173.3430
2018-12-29 11:27:41,208 : INFO : $F	U	60	R.I	Y	92	314B97A	7A	1751BCD	18	0	5	12	15	173.3430
2018-12-29 11:27:41,245 : INFO : $F	U	60	R.I	Y	92	314B97A	7A	17829AD	18	0	5	12	15	173.3430
2018-12-29 11:27:41,281 : INFO : $F	U	60	R.I	Y	92	314B97A	7A	17B3783	18	0	5	12	15	173.3430
2018-12-29 11:27:41,321 : INFO : $F	U	60	R.I	Y	93	314B97A	7A	17E45B2	19	0	5	12	15	172.7335
2018-12-29 11:27:41,361 : INFO : $F	U	60	R.I	Y	93	314B97A	7A	1815392	19	0	5	12	15	172.7335
2018-12-29 11:27:41,399 : INFO : $F	U	60	R.I	Y	93	314B97A	7A	1846168	19	0	5	12	15	172.7335
2018-12-29 11:27:41,435 : INFO : $F	U	60	R.I	Y	93	314B97A	7A	1876EBC	19	0	5	12	15	172.7335
2018-12-29 11:27:41,473 : INFO : $F	U	60	R.I	Y	94	314B97A	7A	18A7C92	1A	0	5	12	15	171.7952
2018-12-29 11:27:41,513 : INFO : $F	U	60	R.I	Y	94	314B97A	7A	18D7DA2	1A	0	5	12	15	171.7952
2018-12-29 11:27:41,552 : INFO : $F	U	60	R.I	Y	94	314B97A	7A	1908BAD	1A	0	5	12	15	171.7952
2018-12-29 11:27:41,589 : INFO : $F	U	60	R.I	Y	94	314B97A	7A	1939983	1A	0	5	12	15	171.7952
2018-12-29 11:27:41,626 : INFO : $F	U	60	R.I	Y	94	314B97A	7A	196A763	1A	0	5	12	15	171.7952
2018-12-29 11:27:41,664 : INFO : $F	U	60	R.I	Y	95	314B97A	7A	199B539	1B	0	5	12	15	170.8813
2018-12-29 11:27:41,705 : INFO : $F	U	60	R.I	Y	95	314B97A	7A	19CC2CD	1B	0	5	12	15	170.8813
2018-12-29 11:27:41,745 : INFO : $F	U	60	R.I	Y	95	314B97A	7A	19FD0AD	1B	0	5	12	15	170.8813
2018-12-29 11:27:41,781 : INFO : $F	U	60	R.I	Y	95	314B97A	7A	1A2DE83	1B	0	5	12	15	170.8813
2018-12-29 11:27:41,818 : INFO : $F	U	60	R.I	Y	95	314B97A	7A	1A5ED08	1B	0	5	12	15	170.8813
2018-12-29 11:27:41,858 : INFO : $F	U	60	R.I	Y	96	314B97A	7A	1A8FAE8	1C	0	5	12	15	170.1134
2018-12-29 11:27:41,898 : INFO : $F	U	60	R.I	Y	96	314B97A	7A	1AC08BE	1C	0	5	12	15	170.1134
2018-12-29 11:27:41,936 : INFO : $F	U	60	R.I	Y	96	314B97A	7A	1AF162E	1C	0	5	12	15	170.1134
2018-12-29 11:27:41,973 : INFO : $F	U	60	R.I	Y	96	314B97A	7A	1B22404	1C	0	5	12	15	170.1134
2018-12-29 11:27:42,011 : INFO : $F	U	60	R.I	Y	97	314B97A	7A	1B531E4	1D	0	5	12	15	169.3593
2018-12-29 11:27:42,051 : INFO : $F	U	60	R.I	Y	97	314B97A	7A	1B83FF2	1D	0	5	12	15	169.3593
2018-12-29 11:27:42,089 : INFO : $F	U	60	R.I	Y	97	314B97A	7A	1BB4DC8	1D	0	5	12	15	169.3593
2018-12-29 11:27:42,125 : INFO : $F	U	60	R.I	Y	97	314B97A	7A	1BE5BA8	1D	0	5	12	15	169.3593
2018-12-29 11:27:42,163 : INFO : $F	U	60	R.I	Y	98	314B97A	7A	1C16988	1E	0	5	12	15	168.6244
2018-12-29 11:27:42,203 : INFO : $F	U	60	R.I	Y	98	314B97A	7A	1C476EF	1E	0	5	12	15	168.6244
2018-12-29 11:27:42,242 : INFO : $F	U	60	R.I	Y	98	314B97A	7A	1C784CF	1E	0	5	12	15	168.6244
2018-12-29 11:27:42,278 : INFO : $F	U	60	R.I	Y	98	314B97A	7A	1CA92A5	1E	0	5	12	15	168.6244
2018-12-29 11:27:42,291 : INFO : $F	N	61	R.I	G	98	314C523	7A	1CBADCA	1E	0	5	12	15	168.6244
2018-12-29 11:27:42,314 : INFO : $F	U	61	R.I	G	99	3169FA8	7B	1CBADCA	1E	0	5	12	15	168.0768
2018-12-29 11:27:42,352 : INFO : $F	U	61	R.I	G	99	319AD88	7B	1CBADCA	1E	0	5	12	15	168.0768
2018-12-29 11:27:42,386 : INFO : $F	N	62	R.I	Y	99	31CAFB3	7B	1CBB975	1E	0	6	12	15	168.0768
2018-12-29 11:27:42,386 : INFO : $F	R	62	R.I	Y	99	31CAFB3	7B	1CBB975	1E	0	6	12	15	168.0768
2018-12-29 11:27:42,424 : INFO : $F	U	62	R.I	Y	9A	31CAFB3	7B	1CEC6CD	1F	0	6	12	15	168.3155
2018-12-29 11:27:42,459 : INFO : $F	U	62	R.I	Y	9A	31CAFB3	7B	1D1D4A3	1F	0	6	12	15	168.3155
2018-12-29 11:27:42,493 : INFO : $F	U	62	R.I	Y	9A	31CAFB3	7B	1D4E283	1F	0	6	12	15	168.3155
2018-12-29 11:27:42,529 : INFO : $F	U	62	R.I	Y	9B	31CAFB3	7B	1D7F063	20	0	6	12	15	167.7953
2018-12-29 11:27:42,566 : INFO : $F	U	62	R.I	Y	9B	31CAFB3	7B	1DAFE61	20	0	6	12	15	167.7953
2018-12-29 11:27:42,604 : INFO : $F	U	62	R.I	Y	9B	31CAFB3	7B	1DE0C41	20	0	6	12	15	167.7953
2018-12-29 11:27:42,640 : INFO : $F	U	62	R.I	Y	9B	31CAFB3	7B	1E11A21	20	0	6	12	15	167.7953
2018-12-29 11:27:42,675 : INFO : $F	U	62	R.I	Y	9B	31CAFB3	7B	1E428B8	20	0	6	12	15	167.7953
2018-12-29 11:27:42,711 : INFO : $F	U	62	R.I	Y	9B	31CAFB3	7B	1E73698	20	0	6	12	15	167.7953
2018-12-29 11:27:42,749 : INFO : $F	U	62	R.I	Y	9C	31CAFB3	7B	1EA446E	21	0	6	12	15	166.8581
2018-12-29 11:27:42,785 : INFO : $F	U	62	R.I	Y	9C	31CAFB3	7B	1ED51F2	21	0	6	12	15	166.8581
2018-12-29 11:27:42,821 : INFO : $F	U	62	R.I	Y	9C	31CAFB3	7B	1F05FD2	21	0	6	12	15	166.8581
2018-12-29 11:27:42,856 : INFO : $F	U	62	R.I	Y	9C	31CAFB3	7B	1F36DA8	21	0	6	12	15	166.8581
2018-12-29 11:27:42,892 : INFO : $F	U	62	R.I	Y	9C	31CAFB3	7B	1F67B88	21	0	6	12	15	166.8581
2018-12-29 11:27:42,932 : INFO : $F	U	62	R.I	Y	9D	31CAFB3	7B	1F988FF	22	0	6	12	15	165.8183
2018-12-29 11:27:42,970 : INFO : $F	U	62	R.I	Y	9D	31CAFB3	7B	1FC96D5	22	0	6	12	15	165.8183
2018-12-29 11:27:43,007 : INFO : $F	U	62	R.I	Y	9D	31CAFB3	7B	1FFA4B5	22	0	6	12	15	165.8183
2018-12-29 11:27:43,042 : INFO : $F	U	62	R.I	Y	9D	31CAFB3	7B	202B2E3	22	0	6	12	15	165.8183
2018-12-29 11:27:43,077 : INFO : $F	U	62	R.I	Y	9D	31CAFB3	7B	205B3F3	22	0	6	12	15	165.8183
2018-12-29 11:27:43,115 : INFO : $F	U	62	R.I	Y	9E	31CAFB3	7B	208C1D3	23	0	6	12	15	165.0484
2018-12-29 11:27:43,152 : INFO : $F	U	62	R.I	Y	9E	31CAFB3	7B	20BCF07	23	0	6	12	15	165.0484
2018-12-29 11:27:43,187 : INFO : $F	U	62	R.I	Y	9E	31CAFB3	7B	20EDCE7	23	0	6	12	15	165.0484
2018-12-29 11:27:43,221 : INFO : $F	U	62	R.I	Y	9E	31CAFB3	7B	211EABD	23	0	6	12	15	165.0484
2018-12-29 11:27:43,257 : INFO : $F	U	62	R.I	Y	9F	31CAFB3	7B	214F89D	24	0	6	12	15	164.3275
2018-12-29 11:27:43,295 : INFO : $F	U	62	R.I	Y	9F	31CAFB3	7B	21806B0	24	0	6	12	15	164.3275
2018-12-29 11:27:43,334 : INFO : $F	U	62	R.I	Y	9F	31CAFB3	7B	21B1486	24	0	6	12	15	164.3275
2018-12-29 11:27:43,370 : INFO : $F	U	62	R.I	Y	9F	31CAFB3	7B	21E2266	24	0	6	12	15	164.3275
2018-12-29 11:27:43,407 : INFO : $F	U	62	R.I	Y	9F	31CAFB3	7B	221310F	24	0	6	12	15	164.3275
2018-12-29 11:27:43,447 : INFO : $F	U	62	R.I	Y	A0	31CAFB3	7B	2243EE5	25	0	6	12	15	163.7066
2018-12-29 11:27:43,485 : INFO : $F	U	62	R.I	Y	A0	31CAFB3	7B	2274CC5	25	0	6	12	15	163.7066
2018-12-29 11:27:43,521 : INFO : $F	U	62	R.I	Y	A0	31CAFB3	7B	22A5B73	25	0	6	12	15	163.7066
2018-12-29 11:27:43,540 : INFO : $F	N	63	R.I	G	A0	31CBFB9	7B	22BF265	25	0	6	12	15	163.7066
2018-12-29 11:27:43,558 : INFO : $F	U	63	R.I	G	A0	31E2697	7B	22BF265	25	0	6	12	15	163.7066
2018-12-29 11:27:43,595 : INFO : $F	U	63	R.I	G	A1	3213477	7C	22BF265	25	0	6	12	15	163.2551
2018-12-29 11:27:43,631 : INFO : $F	U	63	R.I	G	A1	32441D5	7C	22BF265	25	0	6	12	15	163.2551
2018-12-29 11:27:43,668 : INFO : $F	U	63	R.I	G	A2	3274FAB	7D	22BF265	25	0	6	12	15	163.5039
2018-12-29 11:27:43,704 : INFO : $F	U	63	R.I	G	A2	32A5D8B	7D	22BF265	25	0	6	12	15	163.5039
2018-12-29 11:27:43,743 : INFO : $F	U	63	R.I	G	A3	32D6B61	7E	22BF265	25	0	6	12	15	163.7621
2018-12-29 11:27:43,779 : INFO : $F	U	63	R.I	G	A3	330797E	7E	22BF265	25	0	6	12	15	163.7621
2018-12-29 11:27:43,815 : INFO : $F	U	63	R.I	G	A4	3337A8E	7F	22BF265	25	0	6	12	15	164.0174
2018-12-29 11:27:43,851 : INFO : $F	U	63	R.I	G	A4	3368864	7F	22BF265	25	0	6	12	15	164.0174
2018-12-29 11:27:43,887 : INFO : $F	U	63	R.I	G	A5	33995D0	80	22BF265	25	0	6	12	15	164.2700
2018-12-29 11:27:43,922 : INFO : $F	U	63	R.I	G	A5	33CA3A6	80	22BF265	25	0	6	12	15	164.2700
2018-12-29 11:27:43,958 : INFO : $F	U	63	R.I	G	A6	33FB186	81	22BF265	25	0	6	12	15	164.5199
2018-12-29 11:27:43,994 : INFO : $F	U	63	R.I	G	A6	342BFB2	81	22BF265	25	0	6	12	15	164.5199
2018-12-29 11:27:44,029 : INFO : $F	U	63	R.I	G	A7	345CD88	82	22BF265	25	0	6	12	15	164.7679
2018-12-29 11:27:44,064 : INFO : $F	U	63	R.I	G	A7	348DB68	82	22BF265	25	0	6	12	15	164.7679
2018-12-29 11:27:44,100 : INFO : $F	U	63	R.I	G	A8	34BE948	83	22BF265	25	0	6	12	15	165.0140
2018-12-29 11:27:44,136 : INFO : $F	U	63	R.I	G	A8	34EF68D	83	22BF265	25	0	6	12	15	165.0140
2018-12-29 11:27:44,173 : INFO : $F	U	63	R.I	G	A9	352046D	84	22BF265	25	0	6	12	15	165.2581
2018-12-29 11:27:44,209 : INFO : $F	U	63	R.I	G	A9	3551243	84	22BF265	25	0	6	12	15	165.2581
2018-12-29 11:27:44,245 : INFO : $F	U	63	R.I	G	AA	358204C	85	22BF265	25	0	6	12	15	165.5006
2018-12-29 11:27:44,282 : INFO : $F	U	63	R.I	G	AA	35B2E2C	85	22BF265	25	0	6	12	15	165.5006
2018-12-29 11:27:44,319 : INFO : $F	U	63	R.I	G	AB	35E3C02	86	22BF265	25	0	6	20	16	165.7213
2018-12-29 11:27:44,355 : INFO : $F	U	63	R.I	G	AB	3614A3E	86	22BF265	25	0	6	20	16	165.7213
2018-12-29 11:27:44,393 : INFO : $F	U	63	R.I	G	AC	364581E	87	22BF265	25	0	6	20	16	165.9637
2018-12-29 11:27:44,429 : INFO : $F	U	63	R.I	G	AC	36765F4	87	22BF265	25	0	6	20	16	165.9637
2018-12-29 11:27:44,464 : INFO : $F	U	63	R.I	G	AD	36A73D4	88	22BF265	25	0	6	27	17	166.1815
2018-12-29 11:27:44,500 : INFO : $F	U	63	R.I	G	AD	36D81B2	88	22BF265	25	0	6	27	17	166.1815
2018-12-29 11:27:44,536 : INFO : $F	U	63	R.I	G	AE	3708F92	89	22BF265	25	0	6	22	18	166.3879
2018-12-29 11:27:44,570 : INFO : $F	U	63	R.I	G	AE	37390A2	89	22BF265	25	0	6	22	18	166.3879
2018-12-29 11:27:44,606 : INFO : $F	U	63	R.I	G	AE	3769DFF	89	22BF265	25	0	6	22	18	166.3879
2018-12-29 11:27:44,640 : INFO : $F	U	63	R.I	G	AF	379ABDF	8A	22BF265	25	0	6	29	19	166.5623
2018-12-29 11:27:44,675 : INFO : $F	U	63	R.I	G	AF	37CB9B5	8A	22BF265	25	0	6	29	19	166.5623
2018-12-29 11:27:44,711 : INFO : $F	U	63	R.I	G	B0	37FC7C0	8B	22BF265	25	0	6	64	1A	166.6046
2018-12-29 11:27:44,746 : INFO : $F	U	63	R.I	G	B0	382D5A0	8B	22BF265	25	0	6	64	1A	166.6046
2018-12-29 11:27:44,782 : INFO : $F	U	63	R.I	G	B1	385E376	8C	22BF265	25	0	6	64	1A	166.8005
2018-12-29 11:27:44,818 : INFO : $F	U	63	R.I	G	B1	388F102	8C	22BF265	25	0	6	64	1A	166.8005
2018-12-29 11:27:44,852 : INFO : $F	U	63	R.I	G	B2	38BFEE2	8D	22BF265	25	0	6	6	1B	166.9988
2018-12-29 11:27:44,886 : INFO : $F	U	63	R.I	G	B2	38F0CB8	8D	22BF265	25	0	6	6	1B	166.9988
2018-12-29 11:27:44,920 : INFO : $F	U	63	R.I	G	B2	3921A98	8D	22BF265	25	0	6	6	1B	166.9988
2018-12-29 11:27:44,953 : INFO : $F	U	63	R.I	G	B3	3952897	8E	22BF265	25	0	6	6	1B	167.2133
2018-12-29 11:27:44,987 : INFO : $F	U	63	R.I	G	B3	3983677	8E	22BF265	25	0	6	6	1B	167.2133
2018-12-29 11:27:45,021 : INFO : $F	U	63	R.I	G	B4	39B4457	8F	22BF265	25	0	6	64	1C	167.4166
2018-12-29 11:27:45,054 : INFO : $F	U	63	R.I	G	B4	39E524D	8F	22BF265	25	0	6	64	1C	167.4166
2018-12-29 11:27:45,089 : INFO : $F	U	63	R.I	G	B5	3A1602D	90	22BF265	25	0	6	64	1C	167.6401
2018-12-29 11:27:45,124 : INFO : $F	U	63	R.I	G	B5	3A46E03	90	22BF265	25	0	6	64	1C	167.6401
2018-12-29 11:27:45,159 : INFO : $F	U	63	R.I	G	B6	3A77CAA	91	22BF265	25	0	6	64	1C	167.8644
2018-12-29 11:27:45,194 : INFO : $F	U	63	R.I	G	B6	3AA8A80	91	22BF265	25	0	6	64	1C	167.8644
2018-12-29 11:27:45,230 : INFO : $F	U	63	R.I	G	B7	3AD9860	92	22BF265	25	0	6	64	1C	168.0749
2018-12-29 11:27:45,265 : INFO : $F	U	63	R.I	G	B7	3B0A602	92	22BF265	25	0	6	64	1C	168.0749
2018-12-29 11:27:45,300 : INFO : $F	U	63	R.I	G	B8	3B3A708	93	22BF265	25	0	6	64	1C	168.2868
2018-12-29 11:27:45,335 : INFO : $F	U	63	R.I	G	B8	3B6B4E8	93	22BF265	25	0	6	64	1C	168.2868
2018-12-29 11:27:45,370 : INFO : $F	U	63	R.I	G	B9	3B9C2BE	94	22BF265	25	0	6	64	1C	168.4972
2018-12-29 11:27:45,406 : INFO : $F	U	63	R.I	G	B9	3BCD0AB	94	22BF265	25	0	6	64	1C	168.4972
2018-12-29 11:27:45,441 : INFO : $F	U	63	R.I	G	BA	3BFDE8B	95	22BF265	25	0	6	64	1C	168.7009
2018-12-29 11:27:45,476 : INFO : $F	U	63	R.I	G	BA	3C2EC61	95	22BF265	25	0	6	64	1C	168.7009
2018-12-29 11:27:45,512 : INFO : $F	U	63	R.I	G	BB	3C5F9C3	96	22BF265	25	0	6	64	1C	168.8968
2018-12-29 11:27:45,547 : INFO : $F	U	63	R.I	G	BB	3C907A3	96	22BF265	25	0	6	64	1C	168.8968
2018-12-29 11:27:45,576 : INFO : $F	N	64	R.I	Y	BC	3CB8B63	97	22BFC51	25	0	7	64	1C	169.1007
2018-12-29 11:27:45,583 : INFO : $F	U	64	R.I	Y	BC	3CB8B63	97	22C7C7B	25	0	7	64	1C	169.1007
2018-12-29 11:27:45,619 : INFO : $F	U	64	R.I	Y	BC	3CB8B63	97	22F8AB9	25	0	7	64	1C	169.1007
2018-12-29 11:27:45,656 : INFO : $F	U	64	R.I	Y	BC	3CB8B63	97	232988F	25	0	7	64	1C	169.1007
2018-12-29 11:27:45,693 : INFO : $F	U	64	R.I	Y	BD	3CB8B63	97	235A66F	26	0	7	64	1C	168.9014
2018-12-29 11:27:45,729 : INFO : $F	U	64	R.I	Y	BD	3CB8B63	97	238B44F	26	0	7	64	1C	168.9014
2018-12-29 11:27:45,764 : INFO : $F	U	64	R.I	Y	BD	3CB8B63	97	23BC199	26	0	7	64	1C	168.9014
2018-12-29 11:27:45,800 : INFO : $F	U	64	R.I	Y	BD	3CB8B63	97	23ECF79	26	0	7	64	1C	168.9014
2018-12-29 11:27:45,833 : INFO : $F	U	64	R.I	Y	BD	3CB8B63	97	241DD59	26	0	7	64	1C	168.9014
2018-12-29 11:27:45,866 : INFO : $F	U	64	R.I	Y	BD	3CB8B63	97	244EB49	26	0	7	64	1C	168.9014
2018-12-29 11:27:45,901 : INFO : $F	U	64	R.I	Y	BE	3CB8B63	97	247FA5F	27	0	7	64	1C	168.0624
2018-12-29 11:27:45,935 : INFO : $F	U	64	R.I	Y	BE	3CB8B63	97	24B083F	27	0	7	64	1C	168.0624
2018-12-29 11:27:45,969 : INFO : $F	U	64	R.I	Y	BE	3CB8B63	97	24E0979	27	0	7	64	1C	168.0624
2018-12-29 11:27:46,002 : INFO : $F	U	64	R.I	Y	BE	3CB8B63	97	2511759	27	0	7	64	1C	168.0624
2018-12-29 11:27:46,035 : INFO : $F	U	64	R.I	Y	BE	3CB8B63	97	254252F	27	0	7	64	1C	168.0624
2018-12-29 11:27:46,072 : INFO : $F	U	64	R.I	Y	BE	3CB8B63	97	257330F	27	0	7	64	1C	168.0624
2018-12-29 11:27:46,107 : INFO : $F	U	64	R.I	Y	BF	3CB8B63	97	25A412A	28	0	7	64	1C	166.9946
2018-12-29 11:27:46,141 : INFO : $F	U	64	R.I	Y	BF	3CB8B63	97	25D4F00	28	0	7	64	1C	166.9946
2018-12-29 11:27:46,175 : INFO : $F	U	64	R.I	Y	BF	3CB8B63	97	2605CE0	28	0	7	64	1C	166.9946
2018-12-29 11:27:46,208 : INFO : $F	U	64	R.I	Y	BF	3CB8B63	97	2636A4A	28	0	7	64	1C	166.9946
2018-12-29 11:27:46,243 : INFO : $F	U	64	R.I	Y	BF	3CB8B63	97	2667820	28	0	7	64	1C	166.9946
2018-12-29 11:27:46,280 : INFO : $F	U	64	R.I	Y	C0	3CB8B63	97	2698600	29	0	7	64	1C	165.9924
2018-12-29 11:27:46,318 : INFO : $F	U	64	R.I	Y	C0	3CB8B63	97	26C93FA	29	0	7	64	1C	165.9924
2018-12-29 11:27:46,355 : INFO : $F	U	64	R.I	Y	C0	3CB8B63	97	26FA1DA	29	0	7	64	1C	165.9924
2018-12-29 11:27:46,390 : INFO : $F	U	64	R.I	Y	C0	3CB8B63	97	272AFBA	29	0	7	64	1C	165.9924
2018-12-29 11:27:46,409 : INFO : $F	N	65	R.I	G	C0	3CB9364	97	2745B81	29	0	7	64	1C	165.9924
2018-12-29 11:27:46,426 : INFO : $F	U	65	R.I	G	C0	3CCECF8	97	2745B81	29	0	7	64	1C	165.9924
2018-12-29 11:27:46,463 : INFO : $F	U	65	R.I	G	C1	3CFFAD8	98	2745B81	29	0	7	25	1D	165.5175
2018-12-29 11:27:46,497 : INFO : $F	U	65	R.I	G	C1	3D308B8	98	2745B81	29	0	7	25	1D	165.5175
2018-12-29 11:27:46,533 : INFO : $F	U	65	R.I	G	C2	3D6168E	99	2745B81	29	0	7	25	1D	165.7145
2018-12-29 11:27:46,568 : INFO : $F	U	65	R.I	G	C2	3D924BB	99	2745B81	29	0	7	25	1D	165.7145
2018-12-29 11:27:46,605 : INFO : $F	U	65	R.I	G	C3	3DC3291	9A	2745B81	29	0	7	25	1D	165.9226
2018-12-29 11:27:46,639 : INFO : $F	U	65	R.I	G	C3	3DF4071	9A	2745B81	29	0	7	25	1D	165.9226
2018-12-29 11:27:46,674 : INFO : $F	U	65	R.I	G	C4	3E24DD4	9B	2745B81	29	0	7	12	1E	166.1078
2018-12-29 11:27:46,709 : INFO : $F	U	65	R.I	G	C4	3E55BAA	9B	2745B81	29	0	7	12	1E	166.1078
2018-12-29 11:27:46,743 : INFO : $F	U	65	R.I	G	C5	3E85CBA	9C	2745B81	29	0	7	12	1E	166.3164
2018-12-29 11:27:46,775 : INFO : $F	U	65	R.I	G	C5	3EB6B5A	9C	2745B81	29	0	7	12	1E	166.3164
2018-12-29 11:27:46,809 : INFO : $F	U	65	R.I	G	C6	3EE793A	9D	2745B81	29	0	7	12	1E	166.5270
2018-12-29 11:27:46,842 : INFO : $F	U	65	R.I	G	C6	3F1871A	9D	2745B81	29	0	7	12	1E	166.5270
2018-12-29 11:27:46,875 : INFO : $F	U	65	R.I	G	C7	3F494F0	9E	2745B81	29	0	7	12	1E	166.7400
2018-12-29 11:27:46,909 : INFO : $F	U	65	R.I	G	C7	3F7A280	9E	2745B81	29	0	7	12	1E	166.7400
2018-12-29 11:27:46,923 : INFO : $F	N	66	R.I	K	C7	3F8EFBE	9E	2745B81	29	0	7	12	1E	166.7400
2018-12-29 11:27:46,944 : INFO : $F	U	66	R.I	K	C8	3FAB060	9E	2745B81	29	0	7	12	1E	166.9351
2018-12-29 11:27:46,980 : INFO : $F	U	66	R.I	K	C8	3FDBE36	9E	2745B81	29	0	7	12	1E	166.9351
2018-12-29 11:27:47,170 : INFO : Finish with errcnt=6790
2018-12-29 11:27:47,468 : INFO : running /N/u/pengb/hpda/radlib/src/indycar/nabcsv.py --input indy2018-flag.csv --output flaginfo.csv --cmd flag
2018-12-29 11:27:47,468 : INFO : 14 lines converted.
Get telemetry data ../indy2018-1.csv, output to indy2018-1-vspeed.csv
gstr={printf("2018-05-27 %s,%s\n", $1, $3)}
0: Beginning detection with numenta for indycar/indy2018-1-vspeed.csv at 2018-12-29 11:27:49.199849
. . . . . . . . . . . . . . . . . . . . . . . . . . . . . . . . . . . . . . . . . . . . . . . . . . . . . . . . . . . . . . . . . . . . 0: Completed processing 67372 records at 2018-12-29 11:34:47.584255
0: Results have been written to /scratch_hdd/hpda/radlib/test/run2018/runnab/results/numenta/indycar/numenta_indy2018-1-vspeed.csv

Running detection step
2018-12-29 11:34:48,008 : INFO : running /N/u/pengb/hpda/radlib/src/indycar/nabcsv.py --input results/numenta/indycar/numenta_indy2018-1-vspeed.csv --output anomaly_0.35_indy2018-1-vspeed.csv --threshold 0.35
2018-12-29 11:34:48,279 : INFO : 67373 lines converted, 223 anomaly records found.
2018-12-29 11:34:48,869 : INFO : running /N/u/pengb/hpda/radlib/src/indycar/plot.py --plot anomaly --input anomaly_0.35_indy2018-1-vspeed.csv --output indy2018-1-vspeed_0.35.pdf --flaginfo ../flaginfo.csv
2018-12-29 11:34:49,305 : INFO : init_subplots as (1, 1), axarr shape=Axes(0.125,0.1;0.775x0.8)
2018-12-29 11:34:49,306 : INFO : set_subplot curax = Axes(0.125,0.1;0.775x0.8)
2018-12-29 11:34:49,307 : INFO : ====================
2018-12-29 11:34:49,307 : INFO : StartPlot: anomaly
2018-12-29 11:34:49,307 : INFO : ====================
/N/u/pengb/anaconda2/lib/python2.7/site-packages/matplotlib/axes/_axes.py:475: UserWarning: No labelled objects found. Use label='...' kwarg on individual plots.
  warnings.warn("No labelled objects found. "
2018-12-29 11:34:49,338 : INFO : ====================
2018-12-29 11:34:49,338 : INFO : StartPlot: flaginfo
2018-12-29 11:34:49,338 : INFO : ====================
/N/u/pengb/anaconda2/lib/python2.7/site-packages/matplotlib/collections.py:590: FutureWarning: elementwise comparison failed; returning scalar instead, but in the future will perform elementwise comparison
  if self._edgecolors == str('face'):
2018-12-29 11:34:53,069 : INFO : running /N/u/pengb/hpda/radlib/src/indycar/nabcsv.py --input results/numenta/indycar/numenta_indy2018-1-vspeed.csv --output anomaly_0.55_indy2018-1-vspeed.csv --threshold 0.55
2018-12-29 11:34:53,339 : INFO : 67373 lines converted, 43 anomaly records found.
2018-12-29 11:34:53,869 : INFO : running /N/u/pengb/hpda/radlib/src/indycar/plot.py --plot anomaly --input anomaly_0.55_indy2018-1-vspeed.csv --output indy2018-1-vspeed_0.55.pdf --flaginfo ../flaginfo.csv
2018-12-29 11:34:54,317 : INFO : init_subplots as (1, 1), axarr shape=Axes(0.125,0.1;0.775x0.8)
2018-12-29 11:34:54,319 : INFO : set_subplot curax = Axes(0.125,0.1;0.775x0.8)
2018-12-29 11:34:54,319 : INFO : ====================
2018-12-29 11:34:54,319 : INFO : StartPlot: anomaly
2018-12-29 11:34:54,319 : INFO : ====================
/N/u/pengb/anaconda2/lib/python2.7/site-packages/matplotlib/axes/_axes.py:475: UserWarning: No labelled objects found. Use label='...' kwarg on individual plots.
  warnings.warn("No labelled objects found. "
2018-12-29 11:34:54,355 : INFO : ====================
2018-12-29 11:34:54,356 : INFO : StartPlot: flaginfo
2018-12-29 11:34:54,356 : INFO : ====================
/N/u/pengb/anaconda2/lib/python2.7/site-packages/matplotlib/collections.py:590: FutureWarning: elementwise comparison failed; returning scalar instead, but in the future will perform elementwise comparison
  if self._edgecolors == str('face'):
2018-12-29 11:34:57,966 : INFO : running /N/u/pengb/hpda/radlib/src/indycar/nabcsv.py --input results/numenta/indycar/numenta_indy2018-1-vspeed.csv --output anomaly_0.65_indy2018-1-vspeed.csv --threshold 0.65
2018-12-29 11:34:58,235 : INFO : 67373 lines converted, 29 anomaly records found.
2018-12-29 11:34:58,781 : INFO : running /N/u/pengb/hpda/radlib/src/indycar/plot.py --plot anomaly --input anomaly_0.65_indy2018-1-vspeed.csv --output indy2018-1-vspeed_0.65.pdf --flaginfo ../flaginfo.csv
2018-12-29 11:34:59,227 : INFO : init_subplots as (1, 1), axarr shape=Axes(0.125,0.1;0.775x0.8)
2018-12-29 11:34:59,229 : INFO : set_subplot curax = Axes(0.125,0.1;0.775x0.8)
2018-12-29 11:34:59,229 : INFO : ====================
2018-12-29 11:34:59,229 : INFO : StartPlot: anomaly
2018-12-29 11:34:59,229 : INFO : ====================
/N/u/pengb/anaconda2/lib/python2.7/site-packages/matplotlib/axes/_axes.py:475: UserWarning: No labelled objects found. Use label='...' kwarg on individual plots.
  warnings.warn("No labelled objects found. "
2018-12-29 11:34:59,265 : INFO : ====================
2018-12-29 11:34:59,265 : INFO : StartPlot: flaginfo
2018-12-29 11:34:59,265 : INFO : ====================
/N/u/pengb/anaconda2/lib/python2.7/site-packages/matplotlib/collections.py:590: FutureWarning: elementwise comparison failed; returning scalar instead, but in the future will perform elementwise comparison
  if self._edgecolors == str('face'):
Done, check indy2018-1-vspeed*.pdf
